\BOOKMARK [0][-]{chapter*.2}{List of Figures}{}% 1
\BOOKMARK [0][-]{chapter*.2}{List of Abbreviations}{}% 2
\BOOKMARK [0][-]{chapter.1}{Introduction}{}% 3
\BOOKMARK [1][-]{section.1.1}{Dark Matter}{chapter.1}% 4
\BOOKMARK [1][-]{section.1.2}{Dark Matter Detectors}{chapter.1}% 5
\BOOKMARK [1][-]{section.1.3}{Outline of Thesis}{chapter.1}% 6
\BOOKMARK [0][-]{chapter.2}{Energy Scale Calibration}{}% 7
\BOOKMARK [1][-]{section.2.1}{Calibrating the Combined Energy Scale}{chapter.2}% 8
\BOOKMARK [2][-]{subsection.2.1.1}{Anti-Correlation Space}{section.2.1}% 9
\BOOKMARK [2][-]{subsection.2.1.2}{Refitting in Combined Energy Space}{section.2.1}% 10
\BOOKMARK [2][-]{subsection.2.1.3}{Finding Errors with MCMC}{section.2.1}% 11
\BOOKMARK [2][-]{subsection.2.1.4}{Combined Energy Space}{section.2.1}% 12
\BOOKMARK [2][-]{subsection.2.1.5}{Light Collection and Electron extraction}{section.2.1}% 13
\BOOKMARK [1][-]{section.2.2}{Modeling Intrinsic Detector Resolution}{chapter.2}% 14
\BOOKMARK [1][-]{section.2.3}{Measuring Recombination Fluctuations}{chapter.2}% 15
\BOOKMARK [2][-]{subsection.2.3.1}{Measuring Recombination Fluctuations with Mono-Energetic Sources}{section.2.3}% 16
\BOOKMARK [2][-]{subsection.2.3.2}{Results with Mono Energetic Calibration Sources}{section.2.3}% 17
\BOOKMARK [2][-]{subsection.2.3.3}{Measuring Recombination Fluctuations in Desecrate Energy Bins}{section.2.3}% 18
\BOOKMARK [2][-]{subsection.2.3.4}{Measuring the Fano Factor in Bins of Energy}{section.2.3}% 19
\BOOKMARK [2][-]{subsection.2.3.5}{Application to 83Kr}{section.2.3}% 20
\BOOKMARK [2][-]{subsection.2.3.6}{Application to Tritium Data \(any continus spectrum\)}{section.2.3}% 21
\BOOKMARK [2][-]{subsection.2.3.7}{Centriod Subtraction}{section.2.3}% 22
\BOOKMARK [1][-]{section.2.4}{Correcting the Tritium Spectral Shape for Finite Resolution}{chapter.2}% 23
\BOOKMARK [2][-]{subsection.2.4.1}{Calculating the Observed Energy}{section.2.4}% 24
\BOOKMARK [2][-]{subsection.2.4.2}{Smearing a Toy Spectrum}{section.2.4}% 25
\BOOKMARK [1][-]{section.2.5}{Measuring LY, QY and Recombination, Uncorrected for Spectral shape}{chapter.2}% 26
\BOOKMARK [2][-]{subsection.2.5.1}{Tritium S1 Mean and NEST}{section.2.5}% 27
\BOOKMARK [2][-]{subsection.2.5.2}{Tritium S2 Mean and NEST}{section.2.5}% 28
\BOOKMARK [2][-]{subsection.2.5.3}{Tritium Energy Spectrum}{section.2.5}% 29
\BOOKMARK [2][-]{subsection.2.5.4}{LY, QY, R Result}{section.2.5}% 30
\BOOKMARK [1][-]{section.2.6}{Measuring LY, QY, Recombination, Corrected for Spectral shape}{chapter.2}% 31
\BOOKMARK [2][-]{subsection.2.6.1}{Tritium S1 Correction}{section.2.6}% 32
\BOOKMARK [2][-]{subsection.2.6.2}{Tritium S2 Correction}{section.2.6}% 33
\BOOKMARK [1][-]{section.2.7}{Thresholds}{chapter.2}% 34
\BOOKMARK [1][-]{section.2.8}{Ionization and Scintillation Yield and Recombination After Correction}{chapter.2}% 35
\BOOKMARK [1][-]{section.2.9}{The Standard Candle. Light Yield from 83mKr}{chapter.2}% 36
\BOOKMARK [2][-]{subsection.2.9.1}{Field dependence of light yield from the 32.1 keV gamma of 83mKr }{section.2.9}% 37
