This is pdfTeX, Version 3.1415926-2.3-1.40.12 (TeX Live 2011) (format=pdflatex 2011.7.3)  5 AUG 2014 09:17
entering extended mode
 \write18 enabled.
 file:line:error style messages enabled.
 %&-line parsing enabled.
**Escale_Rec_LY_QY.tex
(./Escale_Rec_LY_QY.tex
LaTeX2e <2009/09/24>
Babel <v3.8l> and hyphenation patterns for english, dumylang, nohyphenation, ge
rman-x-2009-06-19, ngerman-x-2009-06-19, afrikaans, ancientgreek, ibycus, arabi
c, armenian, basque, bulgarian, catalan, pinyin, coptic, croatian, czech, danis
h, dutch, ukenglish, usenglishmax, esperanto, estonian, ethiopic, farsi, finnis
h, french, galician, german, ngerman, swissgerman, monogreek, greek, hungarian,
 icelandic, assamese, bengali, gujarati, hindi, kannada, malayalam, marathi, or
iya, panjabi, tamil, telugu, indonesian, interlingua, irish, italian, kurmanji,
 lao, latin, latvian, lithuanian, mongolian, mongolianlmc, bokmal, nynorsk, pol
ish, portuguese, romanian, russian, sanskrit, serbian, serbianc, slovak, sloven
ian, spanish, swedish, turkish, turkmen, ukrainian, uppersorbian, welsh, loaded
.
(/usr/local/texlive/2011/texmf-dist/tex/latex/base/article.cls
Document Class: article 2007/10/19 v1.4h Standard LaTeX document class
(/usr/local/texlive/2011/texmf-dist/tex/latex/base/size10.clo
File: size10.clo 2007/10/19 v1.4h Standard LaTeX file (size option)
)
\c@part=\count79
\c@section=\count80
\c@subsection=\count81
\c@subsubsection=\count82
\c@paragraph=\count83
\c@subparagraph=\count84
\c@figure=\count85
\c@table=\count86
\abovecaptionskip=\skip41
\belowcaptionskip=\skip42
\bibindent=\dimen102
)
(/usr/local/texlive/2011/texmf-dist/tex/latex/amsmath/amsmath.sty
Package: amsmath 2000/07/18 v2.13 AMS math features
\@mathmargin=\skip43

For additional information on amsmath, use the `?' option.
(/usr/local/texlive/2011/texmf-dist/tex/latex/amsmath/amstext.sty
Package: amstext 2000/06/29 v2.01

(/usr/local/texlive/2011/texmf-dist/tex/latex/amsmath/amsgen.sty
File: amsgen.sty 1999/11/30 v2.0
\@emptytoks=\toks14
\ex@=\dimen103
))
(/usr/local/texlive/2011/texmf-dist/tex/latex/amsmath/amsbsy.sty
Package: amsbsy 1999/11/29 v1.2d
\pmbraise@=\dimen104
)
(/usr/local/texlive/2011/texmf-dist/tex/latex/amsmath/amsopn.sty
Package: amsopn 1999/12/14 v2.01 operator names
)
\inf@bad=\count87
LaTeX Info: Redefining \frac on input line 211.
\uproot@=\count88
\leftroot@=\count89
LaTeX Info: Redefining \overline on input line 307.
\classnum@=\count90
\DOTSCASE@=\count91
LaTeX Info: Redefining \ldots on input line 379.
LaTeX Info: Redefining \dots on input line 382.
LaTeX Info: Redefining \cdots on input line 467.
\Mathstrutbox@=\box26
\strutbox@=\box27
\big@size=\dimen105
LaTeX Font Info:    Redeclaring font encoding OML on input line 567.
LaTeX Font Info:    Redeclaring font encoding OMS on input line 568.
\macc@depth=\count92
\c@MaxMatrixCols=\count93
\dotsspace@=\muskip10
\c@parentequation=\count94
\dspbrk@lvl=\count95
\tag@help=\toks15
\row@=\count96
\column@=\count97
\maxfields@=\count98
\andhelp@=\toks16
\eqnshift@=\dimen106
\alignsep@=\dimen107
\tagshift@=\dimen108
\tagwidth@=\dimen109
\totwidth@=\dimen110
\lineht@=\dimen111
\@envbody=\toks17
\multlinegap=\skip44
\multlinetaggap=\skip45
\mathdisplay@stack=\toks18
LaTeX Info: Redefining \[ on input line 2666.
LaTeX Info: Redefining \] on input line 2667.
)
(/usr/local/texlive/2011/texmf-dist/tex/latex/base/latexsym.sty
Package: latexsym 1998/08/17 v2.2e Standard LaTeX package (lasy symbols)
\symlasy=\mathgroup4
LaTeX Font Info:    Overwriting symbol font `lasy' in version `bold'
(Font)                  U/lasy/m/n --> U/lasy/b/n on input line 47.
)
(/usr/local/texlive/2011/texmf-dist/tex/latex/graphics/graphicx.sty
Package: graphicx 1999/02/16 v1.0f Enhanced LaTeX Graphics (DPC,SPQR)

(/usr/local/texlive/2011/texmf-dist/tex/latex/graphics/keyval.sty
Package: keyval 1999/03/16 v1.13 key=value parser (DPC)
\KV@toks@=\toks19
)
(/usr/local/texlive/2011/texmf-dist/tex/latex/graphics/graphics.sty
Package: graphics 2009/02/05 v1.0o Standard LaTeX Graphics (DPC,SPQR)

(/usr/local/texlive/2011/texmf-dist/tex/latex/graphics/trig.sty
Package: trig 1999/03/16 v1.09 sin cos tan (DPC)
)
(/usr/local/texlive/2011/texmf-dist/tex/latex/latexconfig/graphics.cfg
File: graphics.cfg 2010/04/23 v1.9 graphics configuration of TeX Live
)
Package graphics Info: Driver file: pdftex.def on input line 91.

(/usr/local/texlive/2011/texmf-dist/tex/latex/pdftex-def/pdftex.def
File: pdftex.def 2011/05/27 v0.06d Graphics/color for pdfTeX

(/usr/local/texlive/2011/texmf-dist/tex/generic/oberdiek/infwarerr.sty
Package: infwarerr 2010/04/08 v1.3 Providing info/warning/message (HO)
)
(/usr/local/texlive/2011/texmf-dist/tex/generic/oberdiek/ltxcmds.sty
Package: ltxcmds 2011/04/18 v1.20 LaTeX kernel commands for general use (HO)
)
\Gread@gobject=\count99
))
\Gin@req@height=\dimen112
\Gin@req@width=\dimen113
)
(/usr/local/texlive/2011/texmf-dist/tex/latex/graphics/color.sty
Package: color 2005/11/14 v1.0j Standard LaTeX Color (DPC)

(/usr/local/texlive/2011/texmf-dist/tex/latex/latexconfig/color.cfg
File: color.cfg 2007/01/18 v1.5 color configuration of teTeX/TeXLive
)
Package color Info: Driver file: pdftex.def on input line 130.
)
(/usr/local/texlive/2011/texmf-dist/tex/latex/tools/array.sty
Package: array 2008/09/09 v2.4c Tabular extension package (FMi)
\col@sep=\dimen114
\extrarowheight=\dimen115
\NC@list=\toks20
\extratabsurround=\skip46
\backup@length=\skip47
)
(/usr/local/texlive/2011/texmf-dist/tex/latex/multirow/multirow.sty
\bigstrutjot=\dimen116
)
(/usr/local/texlive/2011/texmf-dist/tex/latex/hyperref/hyperref.sty
Package: hyperref 2011/04/17 v6.82g Hypertext links for LaTeX

(/usr/local/texlive/2011/texmf-dist/tex/generic/oberdiek/hobsub-hyperref.sty
Package: hobsub-hyperref 2011/04/23 v1.4 Bundle oberdiek, subset hyperref (HO)

(/usr/local/texlive/2011/texmf-dist/tex/generic/oberdiek/hobsub-generic.sty
Package: hobsub-generic 2011/04/23 v1.4 Bundle oberdiek, subset generic (HO)
Package: hobsub 2011/04/23 v1.4 Subsetting bundle oberdiek (HO)
Package hobsub Info: Skipping package `infwarerr' (already loaded).
Package hobsub Info: Skipping package `ltxcmds' (already loaded).
Package: ifluatex 2010/03/01 v1.3 Provides the ifluatex switch (HO)
Package ifluatex Info: LuaTeX not detected.
Package: ifvtex 2010/03/01 v1.5 Switches for detecting VTeX and its modes (HO)
Package ifvtex Info: VTeX not detected.
Package: intcalc 2007/09/27 v1.1 Expandable integer calculations (HO)
Package: ifpdf 2011/01/30 v2.3 Provides the ifpdf switch (HO)
Package ifpdf Info: pdfTeX in PDF mode is detected.
Package: etexcmds 2011/02/16 v1.5 Prefix for e-TeX command names (HO)
Package etexcmds Info: Could not find \expanded.
(etexcmds)             That can mean that you are not using pdfTeX 1.50 or
(etexcmds)             that some package has redefined \expanded.
(etexcmds)             In the latter case, load this package earlier.
Package: kvsetkeys 2011/04/07 v1.13 Key value parser (HO)
Package: kvdefinekeys 2011/04/07 v1.3 Defining keys (HO)
Package: pdftexcmds 2011/04/22 v0.16 Utilities of pdfTeX for LuaTeX (HO)
Package pdftexcmds Info: LuaTeX not detected.
Package pdftexcmds Info: \pdf@primitive is available.
Package pdftexcmds Info: \pdf@ifprimitive is available.
Package pdftexcmds Info: \pdfdraftmode found.
Package: pdfescape 2011/04/04 v1.12 Provides string conversions (HO)
Package: bigintcalc 2011/01/30 v1.2 Expandable big integer calculations (HO)
Package: bitset 2011/01/30 v1.1 Data type bit set (HO)
Package: uniquecounter 2011/01/30 v1.2 Provides unlimited unique counter (HO)
)
Package hobsub Info: Skipping package `hobsub' (already loaded).
Package: letltxmacro 2010/09/02 v1.4 Let assignment for LaTeX macros (HO)
Package: hopatch 2011/01/30 v1.0 Wrapper for package hooks (HO)
Package: xcolor-patch 2011/01/30 xcolor patch
Package: atveryend 2011/04/23 v1.7 Hooks at very end of document (HO)
Package atveryend Info: \enddocument detected (standard).
Package: atbegshi 2011/01/30 v1.15 At begin shipout hook (HO)
Package: refcount 2010/12/01 v3.2 Data extraction from references (HO)
Package: hycolor 2011/01/30 v1.7 Color options of hyperref/bookmark (HO)
)
(/usr/local/texlive/2011/texmf-dist/tex/generic/ifxetex/ifxetex.sty
Package: ifxetex 2010/09/12 v0.6 Provides ifxetex conditional
)
(/usr/local/texlive/2011/texmf-dist/tex/latex/oberdiek/kvoptions.sty
Package: kvoptions 2010/12/23 v3.10 Keyval support for LaTeX options (HO)
)
\@linkdim=\dimen117
\Hy@linkcounter=\count100
\Hy@pagecounter=\count101

(/usr/local/texlive/2011/texmf-dist/tex/latex/hyperref/pd1enc.def
File: pd1enc.def 2011/04/17 v6.82g Hyperref: PDFDocEncoding definition (HO)
)
\Hy@SavedSpaceFactor=\count102

(/usr/local/texlive/2011/texmf-dist/tex/latex/latexconfig/hyperref.cfg
File: hyperref.cfg 2002/06/06 v1.2 hyperref configuration of TeXLive
)
Package hyperref Info: Hyper figures OFF on input line 4026.
Package hyperref Info: Link nesting OFF on input line 4031.
Package hyperref Info: Hyper index ON on input line 4034.
Package hyperref Info: Plain pages OFF on input line 4041.
Package hyperref Info: Backreferencing OFF on input line 4046.
Package hyperref Info: Implicit mode ON; LaTeX internals redefined.
Package hyperref Info: Bookmarks ON on input line 4264.
\c@Hy@tempcnt=\count103

(/usr/local/texlive/2011/texmf-dist/tex/latex/url/url.sty
\Urlmuskip=\muskip11
Package: url 2006/04/12  ver 3.3  Verb mode for urls, etc.
)
LaTeX Info: Redefining \url on input line 4617.
\Fld@menulength=\count104
\Field@Width=\dimen118
\Fld@charsize=\dimen119
Package hyperref Info: Hyper figures OFF on input line 5701.
Package hyperref Info: Link nesting OFF on input line 5706.
Package hyperref Info: Hyper index ON on input line 5709.
Package hyperref Info: backreferencing OFF on input line 5716.
Package hyperref Info: Link coloring OFF on input line 5721.
Package hyperref Info: Link coloring with OCG OFF on input line 5726.
Package hyperref Info: PDF/A mode OFF on input line 5731.
LaTeX Info: Redefining \ref on input line 5771.
LaTeX Info: Redefining \pageref on input line 5775.
\Hy@abspage=\count105
\c@Item=\count106
\c@Hfootnote=\count107
)

Package hyperref Message: Driver (autodetected): hpdftex.

(/usr/local/texlive/2011/texmf-dist/tex/latex/hyperref/hpdftex.def
File: hpdftex.def 2011/04/17 v6.82g Hyperref driver for pdfTeX
\Fld@listcount=\count108
\c@bookmark@seq@number=\count109

(/usr/local/texlive/2011/texmf-dist/tex/latex/oberdiek/rerunfilecheck.sty
Package: rerunfilecheck 2011/04/15 v1.7 Rerun checks for auxiliary files (HO)
Package uniquecounter Info: New unique counter `rerunfilecheck' on input line 2
82.
)
\Hy@SectionHShift=\skip48
)
(/usr/local/texlive/2011/texmf-dist/tex/latex/wasysym/wasysym.sty
Package: wasysym 2003/10/30 v2.0 Wasy-2 symbol support package
\symwasy=\mathgroup5
LaTeX Font Info:    Overwriting symbol font `wasy' in version `bold'
(Font)                  U/wasy/m/n --> U/wasy/b/n on input line 90.
)
(/usr/local/texlive/2011/texmf-dist/tex/latex/tools/verbatim.sty
Package: verbatim 2003/08/22 v1.5q LaTeX2e package for verbatim enhancements
\every@verbatim=\toks21
\verbatim@line=\toks22
\verbatim@in@stream=\read1
)
(/usr/local/texlive/2011/texmf-dist/tex/latex/caption/caption.sty
Package: caption 2010/01/09 v3.1m Customizing captions (AR)

(/usr/local/texlive/2011/texmf-dist/tex/latex/caption/caption3.sty
Package: caption3 2010/01/14 v3.1m caption3 kernel (AR)
\captionmargin=\dimen120
\captionmargin@=\dimen121
\captionwidth=\dimen122
\caption@indent=\dimen123
\caption@parindent=\dimen124
\caption@hangindent=\dimen125
)
\c@ContinuedFloat=\count110
Package caption Info: hyperref package is loaded.
)
(/usr/local/texlive/2011/texmf-dist/tex/latex/mh/mathtools.sty
Package: mathtools 2011/02/12 v1.10 mathematical typesetting tools

(/usr/local/texlive/2011/texmf-dist/tex/latex/tools/calc.sty
Package: calc 2007/08/22 v4.3 Infix arithmetic (KKT,FJ)
\calc@Acount=\count111
\calc@Bcount=\count112
\calc@Adimen=\dimen126
\calc@Bdimen=\dimen127
\calc@Askip=\skip49
\calc@Bskip=\skip50
LaTeX Info: Redefining \setlength on input line 76.
LaTeX Info: Redefining \addtolength on input line 77.
\calc@Ccount=\count113
\calc@Cskip=\skip51
)
(/usr/local/texlive/2011/texmf-dist/tex/latex/mh/mhsetup.sty
Package: mhsetup 2010/01/21 v1.2a programming setup (MH)
)
\g_MT_multlinerow_int=\count114
\l_MT_multwidth_dim=\dimen128
\origjot=\skip52
\l_MT_shortvdotswithinadjustabove_dim=\dimen129
\l_MT_shortvdotswithinadjustbelow_dim=\dimen130
)
(/usr/local/texlive/2011/texmf-dist/tex/latex/relsize/relsize.sty
Package: relsize 2003/07/04 ver 3.1
)
(/usr/local/texlive/2011/texmf-dist/tex/latex/caption/subcaption.sty
Package: subcaption 2008/08/31 v1.0b Adding subcaptions (AR)
\c@subfigure=\count115
\c@subtable=\count116
)

Package hyperref Warning: Option `bookmarks' has already been used,
(hyperref)                setting the option has no effect on input line 43.

Package hyperref Info: Option `unicode' set `false' on input line 43.
Package hyperref Info: Option `pdftoolbar' set `true' on input line 43.
Package hyperref Info: Option `pdfmenubar' set `true' on input line 43.
Package hyperref Info: Option `pdffitwindow' set `false' on input line 43.
Package hyperref Info: Option `pdfnewwindow' set `true' on input line 43.
Package hyperref Info: Option `colorlinks' set `true' on input line 43.
(./Escale_Rec_LY_QY.aux

LaTeX Warning: Label `fig:1a' multiply defined.


LaTeX Warning: Label `sub@fig:1a' multiply defined.


LaTeX Warning: Label `fig:1b' multiply defined.


LaTeX Warning: Label `sub@fig:1b' multiply defined.


LaTeX Warning: Label `fig:1c' multiply defined.


LaTeX Warning: Label `sub@fig:1c' multiply defined.


LaTeX Warning: Label `fig:1d' multiply defined.


LaTeX Warning: Label `sub@fig:1d' multiply defined.


LaTeX Warning: Label `fig:1e' multiply defined.


LaTeX Warning: Label `sub@fig:1e' multiply defined.


LaTeX Warning: Label `fig:1f' multiply defined.


LaTeX Warning: Label `sub@fig:1f' multiply defined.


LaTeX Warning: Label `fig:1g' multiply defined.


LaTeX Warning: Label `sub@fig:1g' multiply defined.


LaTeX Warning: Label `fig:1h' multiply defined.


LaTeX Warning: Label `sub@fig:1h' multiply defined.


LaTeX Warning: Label `fig:1i' multiply defined.


LaTeX Warning: Label `sub@fig:1i' multiply defined.


LaTeX Warning: Label `fig:1a' multiply defined.


LaTeX Warning: Label `sub@fig:1a' multiply defined.


LaTeX Warning: Label `fig:1b' multiply defined.


LaTeX Warning: Label `sub@fig:1b' multiply defined.


LaTeX Warning: Label `fig:1d' multiply defined.


LaTeX Warning: Label `sub@fig:1d' multiply defined.


LaTeX Warning: Label `fig:1e' multiply defined.


LaTeX Warning: Label `sub@fig:1e' multiply defined.


LaTeX Warning: Label `eq:Gain' multiply defined.


LaTeX Warning: Label `fig:R_T' multiply defined.


LaTeX Warning: Label `fig:R_T' multiply defined.


LaTeX Warning: Label `fig:R_T' multiply defined.


LaTeX Warning: Label `fig:Dis_S1' multiply defined.

)
\openout1 = `Escale_Rec_LY_QY.aux'.

LaTeX Font Info:    Checking defaults for OML/cmm/m/it on input line 46.
LaTeX Font Info:    ... okay on input line 46.
LaTeX Font Info:    Checking defaults for T1/cmr/m/n on input line 46.
LaTeX Font Info:    ... okay on input line 46.
LaTeX Font Info:    Checking defaults for OT1/cmr/m/n on input line 46.
LaTeX Font Info:    ... okay on input line 46.
LaTeX Font Info:    Checking defaults for OMS/cmsy/m/n on input line 46.
LaTeX Font Info:    ... okay on input line 46.
LaTeX Font Info:    Checking defaults for OMX/cmex/m/n on input line 46.
LaTeX Font Info:    ... okay on input line 46.
LaTeX Font Info:    Checking defaults for U/cmr/m/n on input line 46.
LaTeX Font Info:    ... okay on input line 46.
LaTeX Font Info:    Checking defaults for PD1/pdf/m/n on input line 46.
LaTeX Font Info:    ... okay on input line 46.
 (/usr/local/texlive/2011/texmf-dist/tex/context/base/supp-pdf.mkii
[Loading MPS to PDF converter (version 2006.09.02).]
\scratchcounter=\count117
\scratchdimen=\dimen131
\scratchbox=\box28
\nofMPsegments=\count118
\nofMParguments=\count119
\everyMPshowfont=\toks23
\MPscratchCnt=\count120
\MPscratchDim=\dimen132
\MPnumerator=\count121
\makeMPintoPDFobject=\count122
\everyMPtoPDFconversion=\toks24
) (/usr/local/texlive/2011/texmf-dist/tex/latex/oberdiek/epstopdf-base.sty
Package: epstopdf-base 2010/02/09 v2.5 Base part for package epstopdf

(/usr/local/texlive/2011/texmf-dist/tex/latex/oberdiek/grfext.sty
Package: grfext 2010/08/19 v1.1 Managing graphics extensions (HO)
)
Package grfext Info: Graphics extension search list:
(grfext)             [.png,.pdf,.jpg,.mps,.jpeg,.jbig2,.jb2,.PNG,.PDF,.JPG,.JPE
G,.JBIG2,.JB2,.eps]
(grfext)             \AppendGraphicsExtensions on input line 452.

(/usr/local/texlive/2011/texmf-dist/tex/latex/latexconfig/epstopdf-sys.cfg
File: epstopdf-sys.cfg 2010/07/13 v1.3 Configuration of (r)epstopdf for TeX Liv
e
))
\AtBeginShipoutBox=\box29
Package hyperref Info: Link coloring ON on input line 46.

(/usr/local/texlive/2011/texmf-dist/tex/latex/hyperref/nameref.sty
Package: nameref 2010/04/30 v2.40 Cross-referencing by name of section

(/usr/local/texlive/2011/texmf-dist/tex/generic/oberdiek/gettitlestring.sty
Package: gettitlestring 2010/12/03 v1.4 Cleanup title references (HO)
)
\c@section@level=\count123
)
LaTeX Info: Redefining \ref on input line 46.
LaTeX Info: Redefining \pageref on input line 46.
LaTeX Info: Redefining \nameref on input line 46.

(./Escale_Rec_LY_QY.out) (./Escale_Rec_LY_QY.out)
\@outlinefile=\write3
\openout3 = `Escale_Rec_LY_QY.out'.

Package caption Info: Begin \AtBeginDocument code.
Package caption Info: End \AtBeginDocument code.
 (./Escale_Rec_LY_QY.toc
LaTeX Font Info:    Try loading font information for U+lasy on input line 2.

(/usr/local/texlive/2011/texmf-dist/tex/latex/base/ulasy.fd
File: ulasy.fd 1998/08/17 v2.2e LaTeX symbol font definitions
)
LaTeX Font Info:    Try loading font information for U+wasy on input line 2.

(/usr/local/texlive/2011/texmf-dist/tex/latex/wasysym/uwasy.fd
File: uwasy.fd 2003/10/30 v2.0 Wasy-2 symbol font definitions
) [1

{/usr/local/texlive/2011/texmf-var/fonts/map/pdftex/updmap/pdftex.map}])
\tf@toc=\write4
\openout4 = `Escale_Rec_LY_QY.toc'.

 [2]
Package epstopdf Info: Source file: <Figures/S1_Z_no_field_lux10_20131009T1358_
cp06914.eps>
(epstopdf)                    date: 2014-02-01 22:54:53
(epstopdf)                    size: 14090 bytes
(epstopdf)             Output file: <Figures/S1_Z_no_field_lux10_20131009T1358_
cp06914-eps-converted-to.pdf>
(epstopdf)                    date: 2014-02-01 23:00:42
(epstopdf)                    size: 10468 bytes
(epstopdf)             Command: <epstopdf --outfile=Figures/S1_Z_no_field_lux10
_20131009T1358_cp06914-eps-converted-to.pdf Figures/S1_Z_no_field_lux10_2013100
9T1358_cp06914.eps>
(epstopdf)             \includegraphics on input line 78.
Package epstopdf Info: Output file is already uptodate.

<Figures/S1_Z_no_field_lux10_20131009T1358_cp06914-eps-converted-to.pdf, id=184
, 514.92375pt x 430.60875pt>
File: Figures/S1_Z_no_field_lux10_20131009T1358_cp06914-eps-converted-to.pdf Gr
aphic file (type pdf)

<use Figures/S1_Z_no_field_lux10_20131009T1358_cp06914-eps-converted-to.pdf>
Package pdftex.def Info: Figures/S1_Z_no_field_lux10_20131009T1358_cp06914-eps-
converted-to.pdf used on input line 78.
(pdftex.def)             Requested size: 227.62204pt x 190.34888pt.
Package epstopdf Info: Source file: <Figures/dT_no_field_2lux10_20131009T1358_c
p06914.eps>
(epstopdf)                    date: 2014-02-01 22:57:30
(epstopdf)                    size: 15512 bytes
(epstopdf)             Output file: <Figures/dT_no_field_2lux10_20131009T1358_c
p06914-eps-converted-to.pdf>
(epstopdf)                    date: 2014-02-01 23:00:42
(epstopdf)                    size: 13273 bytes
(epstopdf)             Command: <epstopdf --outfile=Figures/dT_no_field_2lux10_
20131009T1358_cp06914-eps-converted-to.pdf Figures/dT_no_field_2lux10_20131009T
1358_cp06914.eps>
(epstopdf)             \includegraphics on input line 79.
Package epstopdf Info: Output file is already uptodate.

<Figures/dT_no_field_2lux10_20131009T1358_cp06914-eps-converted-to.pdf, id=185,
 524.96124pt x 406.51875pt>
File: Figures/dT_no_field_2lux10_20131009T1358_cp06914-eps-converted-to.pdf Gra
phic file (type pdf)

<use Figures/dT_no_field_2lux10_20131009T1358_cp06914-eps-converted-to.pdf>
Package pdftex.def Info: Figures/dT_no_field_2lux10_20131009T1358_cp06914-eps-c
onverted-to.pdf used on input line 79.
(pdftex.def)             Requested size: 227.62204pt x 176.26355pt.


Package hyperref Warning: Token not allowed in a PDF string (PDFDocEncoding):
(hyperref)                removing `math shift' on input line 84.


Package hyperref Warning: Token not allowed in a PDF string (PDFDocEncoding):
(hyperref)                removing `superscript' on input line 84.


Package hyperref Warning: Token not allowed in a PDF string (PDFDocEncoding):
(hyperref)                removing `math shift' on input line 84.

[3 <./Figures/S1_Z_no_field_lux10_20131009T1358_cp06914-eps-converted-to.pdf> <
./Figures/dT_no_field_2lux10_20131009T1358_cp06914-eps-converted-to.pdf>]
[4]

LaTeX Warning: `!h' float specifier changed to `!ht'.

[5] <Figures/S1S2_density_Kr_Cs_fit.png, id=245, 572.1375pt x 437.2335pt>
File: Figures/S1S2_density_Kr_Cs_fit.png Graphic file (type png)

<use Figures/S1S2_density_Kr_Cs_fit.png>
Package pdftex.def Info: Figures/S1S2_density_Kr_Cs_fit.png used on input line 
193.
(pdftex.def)             Requested size: 227.62204pt x 173.94958pt.

<Figures/S1S2_density_XeA_fit.png, id=247, 554.07pt x 438.438pt>
File: Figures/S1S2_density_XeA_fit.png Graphic file (type png)

<use Figures/S1S2_density_XeA_fit.png>
Package pdftex.def Info: Figures/S1S2_density_XeA_fit.png used on input line 19
4.
(pdftex.def)             Requested size: 227.62204pt x 180.11531pt.
Package epstopdf Info: Source file: <Figures/S1S2_Doke_1.eps>
(epstopdf)                    date: 2014-08-03 20:30:25
(epstopdf)                    size: 16136 bytes
(epstopdf)             Output file: <Figures/S1S2_Doke_1-eps-converted-to.pdf>
(epstopdf)                    date: 2014-08-04 10:32:45
(epstopdf)                    size: 12341 bytes
(epstopdf)             Command: <epstopdf --outfile=Figures/S1S2_Doke_1-eps-con
verted-to.pdf Figures/S1S2_Doke_1.eps>
(epstopdf)             \includegraphics on input line 200.
Package epstopdf Info: Output file is already uptodate.

<Figures/S1S2_Doke_1-eps-converted-to.pdf, id=250, 570.13pt x 416.55624pt>
File: Figures/S1S2_Doke_1-eps-converted-to.pdf Graphic file (type pdf)

<use Figures/S1S2_Doke_1-eps-converted-to.pdf>
Package pdftex.def Info: Figures/S1S2_Doke_1-eps-converted-to.pdf used on input
 line 200.
(pdftex.def)             Requested size: 341.43306pt x 249.45895pt.


LaTeX Warning: `!h' float specifier changed to `!ht'.

[6 <./Figures/S1S2_density_Kr_Cs_fit.png> <./Figures/S1S2_density_XeA_fit.png>]
Package epstopdf Info: Source file: <Figures/S1S2_Doke_3.eps>
(epstopdf)                    date: 2014-08-03 20:38:52
(epstopdf)                    size: 16136 bytes
(epstopdf)             Output file: <Figures/S1S2_Doke_3-eps-converted-to.pdf>
(epstopdf)                    date: 2014-08-04 10:52:31
(epstopdf)                    size: 12248 bytes
(epstopdf)             Command: <epstopdf --outfile=Figures/S1S2_Doke_3-eps-con
verted-to.pdf Figures/S1S2_Doke_3.eps>
(epstopdf)             \includegraphics on input line 221.
Package epstopdf Info: Output file is already uptodate.
<Figures/S1S2_Doke_3-eps-converted-to.pdf, id=263, 570.13pt x 416.55624pt>
File: Figures/S1S2_Doke_3-eps-converted-to.pdf Graphic file (type pdf)

<use Figures/S1S2_Doke_3-eps-converted-to.pdf>
Package pdftex.def Info: Figures/S1S2_Doke_3-eps-converted-to.pdf used on input
 line 221.
(pdftex.def)             Requested size: 341.43306pt x 249.45895pt.


LaTeX Warning: `!h' float specifier changed to `!ht'.

Package epstopdf Info: Source file: <Figures/Doke_Fits/fit_S1_163.eps>
(epstopdf)                    date: 2014-08-03 20:32:07
(epstopdf)                    size: 8587 bytes
(epstopdf)             Output file: <Figures/Doke_Fits/fit_S1_163-eps-converted
-to.pdf>
(epstopdf)                    date: 2014-08-04 11:05:40
(epstopdf)                    size: 6840 bytes
(epstopdf)             Command: <epstopdf --outfile=Figures/Doke_Fits/fit_S1_16
3-eps-converted-to.pdf Figures/Doke_Fits/fit_S1_163.eps>
(epstopdf)             \includegraphics on input line 228.
Package epstopdf Info: Output file is already uptodate.

<Figures/Doke_Fits/fit_S1_163-eps-converted-to.pdf, id=264, 502.87875pt x 410.5
3375pt>
File: Figures/Doke_Fits/fit_S1_163-eps-converted-to.pdf Graphic file (type pdf)

 <use Figures/Doke_Fits/fit_S1_163-eps-converted-to.pdf>
Package pdftex.def Info: Figures/Doke_Fits/fit_S1_163-eps-converted-to.pdf used
 on input line 228.
(pdftex.def)             Requested size: 142.26378pt x 116.13887pt.
Package epstopdf Info: Source file: <Figures/Doke_Fits/fit_S1_207.eps>
(epstopdf)                    date: 2014-08-03 20:32:08
(epstopdf)                    size: 8917 bytes
(epstopdf)             Output file: <Figures/Doke_Fits/fit_S1_207-eps-converted
-to.pdf>
(epstopdf)                    date: 2014-08-04 11:05:40
(epstopdf)                    size: 6942 bytes
(epstopdf)             Command: <epstopdf --outfile=Figures/Doke_Fits/fit_S1_20
7-eps-converted-to.pdf Figures/Doke_Fits/fit_S1_207.eps>
(epstopdf)             \includegraphics on input line 230.
Package epstopdf Info: Output file is already uptodate.

<Figures/Doke_Fits/fit_S1_207-eps-converted-to.pdf, id=265, 502.87875pt x 404.5
1125pt>
File: Figures/Doke_Fits/fit_S1_207-eps-converted-to.pdf Graphic file (type pdf)

 <use Figures/Doke_Fits/fit_S1_207-eps-converted-to.pdf>
Package pdftex.def Info: Figures/Doke_Fits/fit_S1_207-eps-converted-to.pdf used
 on input line 230.
(pdftex.def)             Requested size: 142.26378pt x 114.43512pt.
Package epstopdf Info: Source file: <Figures/Doke_Fits/fit_S1_236.eps>
(epstopdf)                    date: 2014-08-03 20:32:09
(epstopdf)                    size: 9030 bytes
(epstopdf)             Output file: <Figures/Doke_Fits/fit_S1_236-eps-converted
-to.pdf>
(epstopdf)                    date: 2014-08-04 11:05:40
(epstopdf)                    size: 6838 bytes
(epstopdf)             Command: <epstopdf --outfile=Figures/Doke_Fits/fit_S1_23
6-eps-converted-to.pdf Figures/Doke_Fits/fit_S1_236.eps>
(epstopdf)             \includegraphics on input line 232.
Package epstopdf Info: Output file is already uptodate.

<Figures/Doke_Fits/fit_S1_236-eps-converted-to.pdf, id=266, 502.87875pt x 401.5
pt>
File: Figures/Doke_Fits/fit_S1_236-eps-converted-to.pdf Graphic file (type pdf)

 <use Figures/Doke_Fits/fit_S1_236-eps-converted-to.pdf>
Package pdftex.def Info: Figures/Doke_Fits/fit_S1_236-eps-converted-to.pdf used
 on input line 232.
(pdftex.def)             Requested size: 142.26378pt x 113.58324pt.
Package epstopdf Info: Source file: <Figures/Doke_Fits/fit_S1_410.eps>
(epstopdf)                    date: 2014-08-03 20:32:10
(epstopdf)                    size: 9153 bytes
(epstopdf)             Output file: <Figures/Doke_Fits/fit_S1_410-eps-converted
-to.pdf>
(epstopdf)                    date: 2014-08-04 11:05:40
(epstopdf)                    size: 7277 bytes
(epstopdf)             Command: <epstopdf --outfile=Figures/Doke_Fits/fit_S1_41
0-eps-converted-to.pdf Figures/Doke_Fits/fit_S1_410.eps>
(epstopdf)             \includegraphics on input line 236.
Package epstopdf Info: Output file is already uptodate.

<Figures/Doke_Fits/fit_S1_410-eps-converted-to.pdf, id=267, 502.87875pt x 401.5
pt>
File: Figures/Doke_Fits/fit_S1_410-eps-converted-to.pdf Graphic file (type pdf)

 <use Figures/Doke_Fits/fit_S1_410-eps-converted-to.pdf>
Package pdftex.def Info: Figures/Doke_Fits/fit_S1_410-eps-converted-to.pdf used
 on input line 236.
(pdftex.def)             Requested size: 142.26378pt x 113.58324pt.
Package epstopdf Info: Source file: <Figures/Doke_Fits/fit_S1_Bi214.eps>
(epstopdf)                    date: 2014-08-03 20:32:10
(epstopdf)                    size: 9050 bytes
(epstopdf)             Output file: <Figures/Doke_Fits/fit_S1_Bi214-eps-convert
ed-to.pdf>
(epstopdf)                    date: 2014-08-04 11:05:41
(epstopdf)                    size: 7102 bytes
(epstopdf)             Command: <epstopdf --outfile=Figures/Doke_Fits/fit_S1_Bi
214-eps-converted-to.pdf Figures/Doke_Fits/fit_S1_Bi214.eps>
(epstopdf)             \includegraphics on input line 238.
Package epstopdf Info: Output file is already uptodate.

<Figures/Doke_Fits/fit_S1_Bi214-eps-converted-to.pdf, id=268, 502.87875pt x 401
.5pt>
File: Figures/Doke_Fits/fit_S1_Bi214-eps-converted-to.pdf Graphic file (type pd
f)
 <use Figures/Doke_Fits/fit_S1_Bi214-eps-converted-to.pdf>
Package pdftex.def Info: Figures/Doke_Fits/fit_S1_Bi214-eps-converted-to.pdf us
ed on input line 238.
(pdftex.def)             Requested size: 142.26378pt x 113.58324pt.
Package epstopdf Info: Source file: <Figures/Doke_Fits/fit_S1_Cs137.eps>
(epstopdf)                    date: 2014-08-03 20:32:11
(epstopdf)                    size: 9056 bytes
(epstopdf)             Output file: <Figures/Doke_Fits/fit_S1_Cs137-eps-convert
ed-to.pdf>
(epstopdf)                    date: 2014-08-04 11:05:41
(epstopdf)                    size: 7100 bytes
(epstopdf)             Command: <epstopdf --outfile=Figures/Doke_Fits/fit_S1_Cs
137-eps-converted-to.pdf Figures/Doke_Fits/fit_S1_Cs137.eps>
(epstopdf)             \includegraphics on input line 240.
Package epstopdf Info: Output file is already uptodate.

<Figures/Doke_Fits/fit_S1_Cs137-eps-converted-to.pdf, id=269, 522.95375pt x 401
.5pt>
File: Figures/Doke_Fits/fit_S1_Cs137-eps-converted-to.pdf Graphic file (type pd
f)
 <use Figures/Doke_Fits/fit_S1_Cs137-eps-converted-to.pdf>
Package pdftex.def Info: Figures/Doke_Fits/fit_S1_Cs137-eps-converted-to.pdf us
ed on input line 240.
(pdftex.def)             Requested size: 142.26378pt x 109.22125pt.
Package epstopdf Info: Source file: <Figures/Doke_Fits/fit_S1_Kr_50.eps>
(epstopdf)                    date: 2014-08-04 16:01:46
(epstopdf)                    size: 9745 bytes
(epstopdf)             Output file: <Figures/Doke_Fits/fit_S1_Kr_50-eps-convert
ed-to.pdf>
(epstopdf)                    date: 2014-08-04 16:04:10
(epstopdf)                    size: 7620 bytes
(epstopdf)             Command: <epstopdf --outfile=Figures/Doke_Fits/fit_S1_Kr
_50-eps-converted-to.pdf Figures/Doke_Fits/fit_S1_Kr_50.eps>
(epstopdf)             \includegraphics on input line 244.
Package epstopdf Info: Output file is already uptodate.

<Figures/Doke_Fits/fit_S1_Kr_50-eps-converted-to.pdf, id=270, 522.95375pt x 401
.5pt>
File: Figures/Doke_Fits/fit_S1_Kr_50-eps-converted-to.pdf Graphic file (type pd
f)
 <use Figures/Doke_Fits/fit_S1_Kr_50-eps-converted-to.pdf>
Package pdftex.def Info: Figures/Doke_Fits/fit_S1_Kr_50-eps-converted-to.pdf us
ed on input line 244.
(pdftex.def)             Requested size: 142.26378pt x 109.22125pt.
Package epstopdf Info: Source file: <Figures/Doke_Fits/fit_S1_Kr_100.eps>
(epstopdf)                    date: 2014-08-04 16:01:47
(epstopdf)                    size: 9874 bytes
(epstopdf)             Output file: <Figures/Doke_Fits/fit_S1_Kr_100-eps-conver
ted-to.pdf>
(epstopdf)                    date: 2014-08-04 16:04:10
(epstopdf)                    size: 7702 bytes
(epstopdf)             Command: <epstopdf --outfile=Figures/Doke_Fits/fit_S1_Kr
_100-eps-converted-to.pdf Figures/Doke_Fits/fit_S1_Kr_100.eps>
(epstopdf)             \includegraphics on input line 246.
Package epstopdf Info: Output file is already uptodate.

<Figures/Doke_Fits/fit_S1_Kr_100-eps-converted-to.pdf, id=271, 533.995pt x 401.
5pt>
File: Figures/Doke_Fits/fit_S1_Kr_100-eps-converted-to.pdf Graphic file (type p
df)
 <use Figures/Doke_Fits/fit_S1_Kr_100-eps-converted-to.pdf>
Package pdftex.def Info: Figures/Doke_Fits/fit_S1_Kr_100-eps-converted-to.pdf u
sed on input line 246.
(pdftex.def)             Requested size: 142.26378pt x 106.96674pt.
Package epstopdf Info: Source file: <Figures/Doke_Fits/fit_S1_Kr.eps>
(epstopdf)                    date: 2014-08-04 16:01:45
(epstopdf)                    size: 10071 bytes
(epstopdf)             Output file: <Figures/Doke_Fits/fit_S1_Kr-eps-converted-
to.pdf>
(epstopdf)                    date: 2014-08-04 16:04:11
(epstopdf)                    size: 7715 bytes
(epstopdf)             Command: <epstopdf --outfile=Figures/Doke_Fits/fit_S1_Kr
-eps-converted-to.pdf Figures/Doke_Fits/fit_S1_Kr.eps>
(epstopdf)             \includegraphics on input line 248.
Package epstopdf Info: Output file is already uptodate.

<Figures/Doke_Fits/fit_S1_Kr-eps-converted-to.pdf, id=272, 522.95375pt x 401.5p
t>
File: Figures/Doke_Fits/fit_S1_Kr-eps-converted-to.pdf Graphic file (type pdf)
 <use Figures/Doke_Fits/fit_S1_Kr-eps-converted-to.pdf>
Package pdftex.def Info: Figures/Doke_Fits/fit_S1_Kr-eps-converted-to.pdf used 
on input line 248.
(pdftex.def)             Requested size: 142.26378pt x 109.22125pt.


LaTeX Warning: `!h' float specifier changed to `!ht'.

Package epstopdf Info: Source file: <Figures/Doke_Fits/fit_S2_163.eps>
(epstopdf)                    date: 2014-08-03 20:32:20
(epstopdf)                    size: 9335 bytes
(epstopdf)             Output file: <Figures/Doke_Fits/fit_S2_163-eps-converted
-to.pdf>
(epstopdf)                    date: 2014-08-04 11:12:02
(epstopdf)                    size: 7153 bytes
(epstopdf)             Command: <epstopdf --outfile=Figures/Doke_Fits/fit_S2_16
3-eps-converted-to.pdf Figures/Doke_Fits/fit_S2_163.eps>
(epstopdf)             \includegraphics on input line 257.
Package epstopdf Info: Output file is already uptodate.

<Figures/Doke_Fits/fit_S2_163-eps-converted-to.pdf, id=273, 502.87875pt x 404.5
1125pt>
File: Figures/Doke_Fits/fit_S2_163-eps-converted-to.pdf Graphic file (type pdf)

 <use Figures/Doke_Fits/fit_S2_163-eps-converted-to.pdf>
Package pdftex.def Info: Figures/Doke_Fits/fit_S2_163-eps-converted-to.pdf used
 on input line 257.
(pdftex.def)             Requested size: 142.26378pt x 114.43512pt.
Package epstopdf Info: Source file: <Figures/Doke_Fits/fit_S2_207.eps>
(epstopdf)                    date: 2014-08-03 20:32:21
(epstopdf)                    size: 8446 bytes
(epstopdf)             Output file: <Figures/Doke_Fits/fit_S2_207-eps-converted
-to.pdf>
(epstopdf)                    date: 2014-08-04 11:12:02
(epstopdf)                    size: 6452 bytes
(epstopdf)             Command: <epstopdf --outfile=Figures/Doke_Fits/fit_S2_20
7-eps-converted-to.pdf Figures/Doke_Fits/fit_S2_207.eps>
(epstopdf)             \includegraphics on input line 259.
Package epstopdf Info: Output file is already uptodate.

<Figures/Doke_Fits/fit_S2_207-eps-converted-to.pdf, id=274, 502.87875pt x 404.5
1125pt>
File: Figures/Doke_Fits/fit_S2_207-eps-converted-to.pdf Graphic file (type pdf)

 <use Figures/Doke_Fits/fit_S2_207-eps-converted-to.pdf>
Package pdftex.def Info: Figures/Doke_Fits/fit_S2_207-eps-converted-to.pdf used
 on input line 259.
(pdftex.def)             Requested size: 142.26378pt x 114.43512pt.
Package epstopdf Info: Source file: <Figures/Doke_Fits/fit_S2_236.eps>
(epstopdf)                    date: 2014-08-03 20:32:22
(epstopdf)                    size: 9322 bytes
(epstopdf)             Output file: <Figures/Doke_Fits/fit_S2_236-eps-converted
-to.pdf>
(epstopdf)                    date: 2014-08-04 11:12:02
(epstopdf)                    size: 7174 bytes
(epstopdf)             Command: <epstopdf --outfile=Figures/Doke_Fits/fit_S2_23
6-eps-converted-to.pdf Figures/Doke_Fits/fit_S2_236.eps>
(epstopdf)             \includegraphics on input line 261.
Package epstopdf Info: Output file is already uptodate.

<Figures/Doke_Fits/fit_S2_236-eps-converted-to.pdf, id=275, 502.87875pt x 404.5
1125pt>
File: Figures/Doke_Fits/fit_S2_236-eps-converted-to.pdf Graphic file (type pdf)

 <use Figures/Doke_Fits/fit_S2_236-eps-converted-to.pdf>
Package pdftex.def Info: Figures/Doke_Fits/fit_S2_236-eps-converted-to.pdf used
 on input line 261.
(pdftex.def)             Requested size: 142.26378pt x 114.43512pt.
Package epstopdf Info: Source file: <Figures/Doke_Fits/fit_S2_410.eps>
(epstopdf)                    date: 2014-08-03 20:32:23
(epstopdf)                    size: 9267 bytes
(epstopdf)             Output file: <Figures/Doke_Fits/fit_S2_410-eps-converted
-to.pdf>
(epstopdf)                    date: 2014-08-04 11:12:02
(epstopdf)                    size: 7044 bytes
(epstopdf)             Command: <epstopdf --outfile=Figures/Doke_Fits/fit_S2_41
0-eps-converted-to.pdf Figures/Doke_Fits/fit_S2_410.eps>
(epstopdf)             \includegraphics on input line 265.
Package epstopdf Info: Output file is already uptodate.

<Figures/Doke_Fits/fit_S2_410-eps-converted-to.pdf, id=276, 512.91624pt x 404.5
1125pt>
File: Figures/Doke_Fits/fit_S2_410-eps-converted-to.pdf Graphic file (type pdf)

 <use Figures/Doke_Fits/fit_S2_410-eps-converted-to.pdf>
Package pdftex.def Info: Figures/Doke_Fits/fit_S2_410-eps-converted-to.pdf used
 on input line 265.
(pdftex.def)             Requested size: 142.26378pt x 112.19455pt.
Package epstopdf Info: Source file: <Figures/Doke_Fits/fit_S2_Bi214.eps>
(epstopdf)                    date: 2014-08-03 20:32:24
(epstopdf)                    size: 9197 bytes
(epstopdf)             Output file: <Figures/Doke_Fits/fit_S2_Bi214-eps-convert
ed-to.pdf>
(epstopdf)                    date: 2014-08-04 11:12:03
(epstopdf)                    size: 7116 bytes
(epstopdf)             Command: <epstopdf --outfile=Figures/Doke_Fits/fit_S2_Bi
214-eps-converted-to.pdf Figures/Doke_Fits/fit_S2_Bi214.eps>
(epstopdf)             \includegraphics on input line 267.
Package epstopdf Info: Output file is already uptodate.

<Figures/Doke_Fits/fit_S2_Bi214-eps-converted-to.pdf, id=277, 502.87875pt x 404
.51125pt>
File: Figures/Doke_Fits/fit_S2_Bi214-eps-converted-to.pdf Graphic file (type pd
f)
 <use Figures/Doke_Fits/fit_S2_Bi214-eps-converted-to.pdf>
Package pdftex.def Info: Figures/Doke_Fits/fit_S2_Bi214-eps-converted-to.pdf us
ed on input line 267.
(pdftex.def)             Requested size: 142.26378pt x 114.43512pt.
Package epstopdf Info: Source file: <Figures/Doke_Fits/fit_S2_Cs137.eps>
(epstopdf)                    date: 2014-08-03 20:32:24
(epstopdf)                    size: 9246 bytes
(epstopdf)             Output file: <Figures/Doke_Fits/fit_S2_Cs137-eps-convert
ed-to.pdf>
(epstopdf)                    date: 2014-08-04 11:12:03
(epstopdf)                    size: 6944 bytes
(epstopdf)             Command: <epstopdf --outfile=Figures/Doke_Fits/fit_S2_Cs
137-eps-converted-to.pdf Figures/Doke_Fits/fit_S2_Cs137.eps>
(epstopdf)             \includegraphics on input line 269.
Package epstopdf Info: Output file is already uptodate.

<Figures/Doke_Fits/fit_S2_Cs137-eps-converted-to.pdf, id=278, 512.91624pt x 404
.51125pt>
File: Figures/Doke_Fits/fit_S2_Cs137-eps-converted-to.pdf Graphic file (type pd
f)
 <use Figures/Doke_Fits/fit_S2_Cs137-eps-converted-to.pdf>
Package pdftex.def Info: Figures/Doke_Fits/fit_S2_Cs137-eps-converted-to.pdf us
ed on input line 269.
(pdftex.def)             Requested size: 142.26378pt x 112.19455pt.
Package epstopdf Info: Source file: <Figures/Doke_Fits/fit_S2_Kr_50.eps>
(epstopdf)                    date: 2014-08-04 15:59:37
(epstopdf)                    size: 9872 bytes
(epstopdf)             Output file: <Figures/Doke_Fits/fit_S2_Kr_50-eps-convert
ed-to.pdf>
(epstopdf)                    date: 2014-08-04 16:05:19
(epstopdf)                    size: 7754 bytes
(epstopdf)             Command: <epstopdf --outfile=Figures/Doke_Fits/fit_S2_Kr
_50-eps-converted-to.pdf Figures/Doke_Fits/fit_S2_Kr_50.eps>
(epstopdf)             \includegraphics on input line 273.
Package epstopdf Info: Output file is already uptodate.

<Figures/Doke_Fits/fit_S2_Kr_50-eps-converted-to.pdf, id=279, 522.95375pt x 401
.5pt>
File: Figures/Doke_Fits/fit_S2_Kr_50-eps-converted-to.pdf Graphic file (type pd
f)
 <use Figures/Doke_Fits/fit_S2_Kr_50-eps-converted-to.pdf>
Package pdftex.def Info: Figures/Doke_Fits/fit_S2_Kr_50-eps-converted-to.pdf us
ed on input line 273.
(pdftex.def)             Requested size: 142.26378pt x 109.22125pt.
Package epstopdf Info: Source file: <Figures/Doke_Fits/fit_S2_Kr_100.eps>
(epstopdf)                    date: 2014-08-04 15:59:38
(epstopdf)                    size: 9802 bytes
(epstopdf)             Output file: <Figures/Doke_Fits/fit_S2_Kr_100-eps-conver
ted-to.pdf>
(epstopdf)                    date: 2014-08-04 16:05:19
(epstopdf)                    size: 7516 bytes
(epstopdf)             Command: <epstopdf --outfile=Figures/Doke_Fits/fit_S2_Kr
_100-eps-converted-to.pdf Figures/Doke_Fits/fit_S2_Kr_100.eps>
(epstopdf)             \includegraphics on input line 275.
Package epstopdf Info: Output file is already uptodate.

<Figures/Doke_Fits/fit_S2_Kr_100-eps-converted-to.pdf, id=280, 522.95375pt x 40
8.52625pt>
File: Figures/Doke_Fits/fit_S2_Kr_100-eps-converted-to.pdf Graphic file (type p
df)
 <use Figures/Doke_Fits/fit_S2_Kr_100-eps-converted-to.pdf>
Package pdftex.def Info: Figures/Doke_Fits/fit_S2_Kr_100-eps-converted-to.pdf u
sed on input line 275.
(pdftex.def)             Requested size: 142.26378pt x 111.13263pt.
Package epstopdf Info: Source file: <Figures/Doke_Fits/fit_S2_Kr.eps>
(epstopdf)                    date: 2014-08-04 15:59:36
(epstopdf)                    size: 9652 bytes
(epstopdf)             Output file: <Figures/Doke_Fits/fit_S2_Kr-eps-converted-
to.pdf>
(epstopdf)                    date: 2014-08-04 16:05:20
(epstopdf)                    size: 7466 bytes
(epstopdf)             Command: <epstopdf --outfile=Figures/Doke_Fits/fit_S2_Kr
-eps-converted-to.pdf Figures/Doke_Fits/fit_S2_Kr.eps>
(epstopdf)             \includegraphics on input line 277.
Package epstopdf Info: Output file is already uptodate.

<Figures/Doke_Fits/fit_S2_Kr-eps-converted-to.pdf, id=281, 522.95375pt x 401.5p
t>
File: Figures/Doke_Fits/fit_S2_Kr-eps-converted-to.pdf Graphic file (type pdf)
 <use Figures/Doke_Fits/fit_S2_Kr-eps-converted-to.pdf>
Package pdftex.def Info: Figures/Doke_Fits/fit_S2_Kr-eps-converted-to.pdf used 
on input line 277.
(pdftex.def)             Requested size: 142.26378pt x 109.22125pt.


LaTeX Warning: `!h' float specifier changed to `!ht'.

[7 <./Figures/S1S2_Doke_1-eps-converted-to.pdf>]
<Figures/S1S2_Doke2_3_arrow.png, id=302, 570.02963pt x 416.45587pt>
File: Figures/S1S2_Doke2_3_arrow.png Graphic file (type png)

<use Figures/S1S2_Doke2_3_arrow.png>
Package pdftex.def Info: Figures/S1S2_Doke2_3_arrow.png used on input line 289.

(pdftex.def)             Requested size: 284.52756pt x 207.87791pt.


LaTeX Warning: `!h' float specifier changed to `!ht'.

[8 <./Figures/S1S2_Doke_3-eps-converted-to.pdf>] [9 <./Figures/Doke_Fits/fit_S1
_163-eps-converted-to.pdf> <./Figures/Doke_Fits/fit_S1_207-eps-converted-to.pdf
> <./Figures/Doke_Fits/fit_S1_236-eps-converted-to.pdf> <./Figures/Doke_Fits/fi
t_S1_410-eps-converted-to.pdf> <./Figures/Doke_Fits/fit_S1_Bi214-eps-converted-
to.pdf> <./Figures/Doke_Fits/fit_S1_Cs137-eps-converted-to.pdf> <./Figures/Doke
_Fits/fit_S1_Kr_50-eps-converted-to.pdf> <./Figures/Doke_Fits/fit_S1_Kr_100-eps
-converted-to.pdf> <./Figures/Doke_Fits/fit_S1_Kr-eps-converted-to.pdf>]
<Figures/MCMC/triangle.png, id=369, 374.3586pt x 374.3586pt>
File: Figures/MCMC/triangle.png Graphic file (type png)

<use Figures/MCMC/triangle.png>
Package pdftex.def Info: Figures/MCMC/triangle.png used on input line 303.
(pdftex.def)             Requested size: 284.52756pt x 284.53262pt.


LaTeX Warning: `!h' float specifier changed to `!ht'.

[10 <./Figures/Doke_Fits/fit_S2_163-eps-converted-to.pdf> <./Figures/Doke_Fits/
fit_S2_207-eps-converted-to.pdf> <./Figures/Doke_Fits/fit_S2_236-eps-converted-
to.pdf> <./Figures/Doke_Fits/fit_S2_410-eps-converted-to.pdf> <./Figures/Doke_F
its/fit_S2_Bi214-eps-converted-to.pdf> <./Figures/Doke_Fits/fit_S2_Cs137-eps-co
nverted-to.pdf> <./Figures/Doke_Fits/fit_S2_Kr_50-eps-converted-to.pdf> <./Figu
res/Doke_Fits/fit_S2_Kr_100-eps-converted-to.pdf> <./Figures/Doke_Fits/fit_S2_K
r-eps-converted-to.pdf>]

LaTeX Warning: Text page 11 contains only floats.

[11 <./Figures/S1S2_Doke2_3_arrow.png> <./Figures/MCMC/triangle.png>]
Package epstopdf Info: Source file: <Figures/Combined_E/Xe_act_E.eps>
(epstopdf)                    date: 2014-08-03 20:18:42
(epstopdf)                    size: 10177 bytes
(epstopdf)             Output file: <Figures/Combined_E/Xe_act_E-eps-converted-
to.pdf>
(epstopdf)                    date: 2014-08-05 07:17:45
(epstopdf)                    size: 7534 bytes
(epstopdf)             Command: <epstopdf --outfile=Figures/Combined_E/Xe_act_E
-eps-converted-to.pdf Figures/Combined_E/Xe_act_E.eps>
(epstopdf)             \includegraphics on input line 317.
Package epstopdf Info: Output file is already uptodate.

<Figures/Combined_E/Xe_act_E-eps-converted-to.pdf, id=426, 540.0175pt x 405.515
pt>
File: Figures/Combined_E/Xe_act_E-eps-converted-to.pdf Graphic file (type pdf)
 <use Figures/Combined_E/Xe_act_E-eps-converted-to.pdf>
Package pdftex.def Info: Figures/Combined_E/Xe_act_E-eps-converted-to.pdf used 
on input line 317.
(pdftex.def)             Requested size: 227.62204pt x 170.9277pt.
Package epstopdf Info: Source file: <Figures/Combined_E/Cs_E.eps>
(epstopdf)                    date: 2014-08-03 20:19:17
(epstopdf)                    size: 10100 bytes
(epstopdf)             Output file: <Figures/Combined_E/Cs_E-eps-converted-to.p
df>
(epstopdf)                    date: 2014-08-05 07:17:46
(epstopdf)                    size: 7573 bytes
(epstopdf)             Command: <epstopdf --outfile=Figures/Combined_E/Cs_E-eps
-converted-to.pdf Figures/Combined_E/Cs_E.eps>
(epstopdf)             \includegraphics on input line 319.
Package epstopdf Info: Output file is already uptodate.

<Figures/Combined_E/Cs_E-eps-converted-to.pdf, id=427, 543.02875pt x 405.515pt>
File: Figures/Combined_E/Cs_E-eps-converted-to.pdf Graphic file (type pdf)
<use Figures/Combined_E/Cs_E-eps-converted-to.pdf>
Package pdftex.def Info: Figures/Combined_E/Cs_E-eps-converted-to.pdf used on i
nput line 319.
(pdftex.def)             Requested size: 227.62204pt x 169.98099pt.
Package epstopdf Info: Source file: <Figures/Combined_E/Xe_act_133_E.eps>
(epstopdf)                    date: 2014-08-03 20:18:43
(epstopdf)                    size: 8932 bytes
(epstopdf)             Output file: <Figures/Combined_E/Xe_act_133_E-eps-conver
ted-to.pdf>
(epstopdf)                    date: 2014-08-05 07:17:46
(epstopdf)                    size: 6825 bytes
(epstopdf)             Command: <epstopdf --outfile=Figures/Combined_E/Xe_act_1
33_E-eps-converted-to.pdf Figures/Combined_E/Xe_act_133_E.eps>
(epstopdf)             \includegraphics on input line 324.
Package epstopdf Info: Output file is already uptodate.

<Figures/Combined_E/Xe_act_133_E-eps-converted-to.pdf, id=428, 495.8525pt x 405
.515pt>
File: Figures/Combined_E/Xe_act_133_E-eps-converted-to.pdf Graphic file (type p
df)
 <use Figures/Combined_E/Xe_act_133_E-eps-converted-to.pdf>
Package pdftex.def Info: Figures/Combined_E/Xe_act_133_E-eps-converted-to.pdf u
sed on input line 324.
(pdftex.def)             Requested size: 213.39566pt x 174.51654pt.
Package epstopdf Info: Source file: <Figures/Combined_E/X-ray_Xe_E.eps>
(epstopdf)                    date: 2014-08-05 07:10:07
(epstopdf)                    size: 9136 bytes
(epstopdf)             Output file: <Figures/Combined_E/X-ray_Xe_E-eps-converte
d-to.pdf>
(epstopdf)                    date: 2014-08-05 07:17:46
(epstopdf)                    size: 6792 bytes
(epstopdf)             Command: <epstopdf --outfile=Figures/Combined_E/X-ray_Xe
_E-eps-converted-to.pdf Figures/Combined_E/X-ray_Xe_E.eps>
(epstopdf)             \includegraphics on input line 326.
Package epstopdf Info: Output file is already uptodate.

<Figures/Combined_E/X-ray_Xe_E-eps-converted-to.pdf, id=429, 525.965pt x 405.51
5pt>
File: Figures/Combined_E/X-ray_Xe_E-eps-converted-to.pdf Graphic file (type pdf
)
 <use Figures/Combined_E/X-ray_Xe_E-eps-converted-to.pdf>
Package pdftex.def Info: Figures/Combined_E/X-ray_Xe_E-eps-converted-to.pdf use
d on input line 326.
(pdftex.def)             Requested size: 227.62204pt x 175.49419pt.


LaTeX Warning: `!h' float specifier changed to `!ht'.

[12] [13 <./Figures/Combined_E/Xe_act_E-eps-converted-to.pdf> <./Figures/Combin
ed_E/Cs_E-eps-converted-to.pdf> <./Figures/Combined_E/Xe_act_133_E-eps-converte
d-to.pdf> <./Figures/Combined_E/X-ray_Xe_E-eps-converted-to.pdf>] [14] [15]
[16]
Package epstopdf Info: Source file: <Figures/All_disc.eps>
(epstopdf)                    date: 2014-08-03 15:37:35
(epstopdf)                    size: 1199909 bytes
(epstopdf)             Output file: <Figures/All_disc-eps-converted-to.pdf>
(epstopdf)             Command: <epstopdf --outfile=Figures/All_disc-eps-conver
ted-to.pdf Figures/All_disc.eps>
(epstopdf)             \includegraphics on input line 510.
runsystem(epstopdf --outfile=Figures/All_disc-eps-converted-to.pdf Figures/All_
disc.eps)...executed.

Package epstopdf Info: Result file: <Figures/All_disc-eps-converted-to.pdf>
(epstopdf)                    date: 2014-08-05 09:18:00
(epstopdf)                    size: 306409 bytes.

<Figures/All_disc-eps-converted-to.pdf, id=514, 569.12625pt x 438.63875pt>
File: Figures/All_disc-eps-converted-to.pdf Graphic file (type pdf)

<use Figures/All_disc-eps-converted-to.pdf>
Package pdftex.def Info: Figures/All_disc-eps-converted-to.pdf used on input li
ne 510.
(pdftex.def)             Requested size: 341.43306pt x 263.1585pt.


LaTeX Warning: `!h' float specifier changed to `!ht'.

Package epstopdf Info: Source file: <Figures/fluc_E.eps>
(epstopdf)                    date: 2014-08-03 20:46:20
(epstopdf)                    size: 12313 bytes
(epstopdf)             Output file: <Figures/fluc_E-eps-converted-to.pdf>
(epstopdf)                    date: 2014-07-17 17:57:42
(epstopdf)                    size: 9738 bytes
(epstopdf)             Command: <epstopdf --outfile=Figures/fluc_E-eps-converte
d-to.pdf Figures/fluc_E.eps>
(epstopdf)             \includegraphics on input line 516.
runsystem(epstopdf --outfile=Figures/fluc_E-eps-converted-to.pdf Figures/fluc_E
.eps)...executed.

Package epstopdf Info: Result file: <Figures/fluc_E-eps-converted-to.pdf>
(epstopdf)                    date: 2014-08-05 09:18:00
(epstopdf)                    size: 10029 bytes.
<Figures/fluc_E-eps-converted-to.pdf, id=515, 538.01pt x 415.5525pt>
File: Figures/fluc_E-eps-converted-to.pdf Graphic file (type pdf)

<use Figures/fluc_E-eps-converted-to.pdf>
Package pdftex.def Info: Figures/fluc_E-eps-converted-to.pdf used on input line
 516.
(pdftex.def)             Requested size: 227.62204pt x 175.81169pt.
Package epstopdf Info: Source file: <Figures/fluc_Q.eps>
(epstopdf)                    date: 2014-08-03 20:46:20
(epstopdf)                    size: 16898 bytes
(epstopdf)             Output file: <Figures/fluc_Q-eps-converted-to.pdf>
(epstopdf)                    date: 2014-07-17 17:57:42
(epstopdf)                    size: 15389 bytes
(epstopdf)             Command: <epstopdf --outfile=Figures/fluc_Q-eps-converte
d-to.pdf Figures/fluc_Q.eps>
(epstopdf)             \includegraphics on input line 517.
runsystem(epstopdf --outfile=Figures/fluc_Q-eps-converted-to.pdf Figures/fluc_Q
.eps)...executed.

Package epstopdf Info: Result file: <Figures/fluc_Q-eps-converted-to.pdf>
(epstopdf)                    date: 2014-08-05 09:18:01
(epstopdf)                    size: 16322 bytes.

<Figures/fluc_Q-eps-converted-to.pdf, id=516, 527.9725pt x 414.54875pt>
File: Figures/fluc_Q-eps-converted-to.pdf Graphic file (type pdf)

<use Figures/fluc_Q-eps-converted-to.pdf>
Package pdftex.def Info: Figures/fluc_Q-eps-converted-to.pdf used on input line
 517.
(pdftex.def)             Requested size: 227.62204pt x 178.72057pt.


LaTeX Warning: `!h' float specifier changed to `!ht'.

[17] [18 <./Figures/All_disc-eps-converted-to.pdf> <./Figures/fluc_E-eps-conver
ted-to.pdf> <./Figures/fluc_Q-eps-converted-to.pdf>]
<Figures/EX_Stat_Fano.png, id=566, 578.16pt x 434.1018pt>
File: Figures/EX_Stat_Fano.png Graphic file (type png)

<use Figures/EX_Stat_Fano.png>
Package pdftex.def Info: Figures/EX_Stat_Fano.png used on input line 531.
(pdftex.def)             Requested size: 426.79134pt x 320.4487pt.

<Figures/EX_R_Fano.png, id=567, 544.73512pt x 437.2335pt>
File: Figures/EX_R_Fano.png Graphic file (type png)

<use Figures/EX_R_Fano.png>
Package pdftex.def Info: Figures/EX_R_Fano.png used on input line 532.
(pdftex.def)             Requested size: 227.62204pt x 182.70277pt.

<Figures/EX_Kr_Fano.png, id=568, 544.73512pt x 437.2335pt>
File: Figures/EX_Kr_Fano.png Graphic file (type png)

<use Figures/EX_Kr_Fano.png>
Package pdftex.def Info: Figures/EX_Kr_Fano.png used on input line 533.
(pdftex.def)             Requested size: 227.62204pt x 182.70277pt.


LaTeX Warning: `!h' float specifier changed to `!ht'.

[19]

LaTeX Warning: Text page 20 contains only floats.


Overfull \vbox (2.15147pt too high) has occurred while \output is active []


[20 <./Figures/EX_Stat_Fano.png (PNG copy)> <./Figures/EX_R_Fano.png> <./Figure
s/EX_Kr_Fano.png>] [21]

Package hyperref Warning: Token not allowed in a PDF string (PDFDocEncoding):
(hyperref)                removing `math shift' on input line 639.


Package hyperref Warning: Token not allowed in a PDF string (PDFDocEncoding):
(hyperref)                removing `superscript' on input line 639.


Package hyperref Warning: Token not allowed in a PDF string (PDFDocEncoding):
(hyperref)                removing `math shift' on input line 639.


LaTeX Warning: `!h' float specifier changed to `!ht'.


LaTeX Warning: `!h' float specifier changed to `!ht'.


Overfull \hbox (9.46098pt too wide) in paragraph at lines 680--690
 [] 
 []


LaTeX Warning: `!h' float specifier changed to `!ht'.

[22] [23] <Figures/EX_T_Fano.png, id=646, 540.5796pt x 411.939pt>
File: Figures/EX_T_Fano.png Graphic file (type png)

<use Figures/EX_T_Fano.png>
Package pdftex.def Info: Figures/EX_T_Fano.png used on input line 706.
(pdftex.def)             Requested size: 426.79134pt x 325.23337pt.
Package epstopdf Info: Source file: <Figures/SIM_stat_T_10Fano.eps>
(epstopdf)                    date: 2014-03-30 21:01:27
(epstopdf)                    size: 26053 bytes
(epstopdf)             Output file: <Figures/SIM_stat_T_10Fano-eps-converted-to
.pdf>
(epstopdf)                    date: 2014-03-30 21:02:42
(epstopdf)                    size: 13518 bytes
(epstopdf)             Command: <epstopdf --outfile=Figures/SIM_stat_T_10Fano-e
ps-converted-to.pdf Figures/SIM_stat_T_10Fano.eps>
(epstopdf)             \includegraphics on input line 713.
Package epstopdf Info: Output file is already uptodate.

<Figures/SIM_stat_T_10Fano-eps-converted-to.pdf, id=649, 523.9575pt x 406.51875
pt>
File: Figures/SIM_stat_T_10Fano-eps-converted-to.pdf Graphic file (type pdf)
 <use Figures/SIM_stat_T_10Fano-eps-converted-to.pdf>
Package pdftex.def Info: Figures/SIM_stat_T_10Fano-eps-converted-to.pdf used on
 input line 713.
(pdftex.def)             Requested size: 227.62204pt x 176.59851pt.
Package epstopdf Info: Source file: <Figures/SIM_stat_T_25Fano.eps>
(epstopdf)                    date: 2014-03-30 21:01:38
(epstopdf)                    size: 17307 bytes
(epstopdf)             Output file: <Figures/SIM_stat_T_25Fano-eps-converted-to
.pdf>
(epstopdf)                    date: 2014-03-30 21:02:42
(epstopdf)                    size: 10971 bytes
(epstopdf)             Command: <epstopdf --outfile=Figures/SIM_stat_T_25Fano-e
ps-converted-to.pdf Figures/SIM_stat_T_25Fano.eps>
(epstopdf)             \includegraphics on input line 714.
Package epstopdf Info: Output file is already uptodate.

<Figures/SIM_stat_T_25Fano-eps-converted-to.pdf, id=650, 523.9575pt x 406.51875
pt>
File: Figures/SIM_stat_T_25Fano-eps-converted-to.pdf Graphic file (type pdf)
 <use Figures/SIM_stat_T_25Fano-eps-converted-to.pdf>
Package pdftex.def Info: Figures/SIM_stat_T_25Fano-eps-converted-to.pdf used on
 input line 714.
(pdftex.def)             Requested size: 227.62204pt x 176.59851pt.
Package epstopdf Info: Source file: <Figures/SIM_stat_T_50Fano.eps>
(epstopdf)                    date: 2014-03-30 21:01:46
(epstopdf)                    size: 14473 bytes
(epstopdf)             Output file: <Figures/SIM_stat_T_50Fano-eps-converted-to
.pdf>
(epstopdf)                    date: 2014-03-30 21:02:42
(epstopdf)                    size: 9914 bytes
(epstopdf)             Command: <epstopdf --outfile=Figures/SIM_stat_T_50Fano-e
ps-converted-to.pdf Figures/SIM_stat_T_50Fano.eps>
(epstopdf)             \includegraphics on input line 715.
Package epstopdf Info: Output file is already uptodate.

<Figures/SIM_stat_T_50Fano-eps-converted-to.pdf, id=651, 523.9575pt x 406.51875
pt>
File: Figures/SIM_stat_T_50Fano-eps-converted-to.pdf Graphic file (type pdf)
 <use Figures/SIM_stat_T_50Fano-eps-converted-to.pdf>
Package pdftex.def Info: Figures/SIM_stat_T_50Fano-eps-converted-to.pdf used on
 input line 715.
(pdftex.def)             Requested size: 227.62204pt x 176.59851pt.
Package epstopdf Info: Source file: <Figures/SIM_stat_T_100Fano.eps>
(epstopdf)                    date: 2014-03-30 21:01:54
(epstopdf)                    size: 12980 bytes
(epstopdf)             Output file: <Figures/SIM_stat_T_100Fano-eps-converted-t
o.pdf>
(epstopdf)                    date: 2014-03-30 21:02:43
(epstopdf)                    size: 9252 bytes
(epstopdf)             Command: <epstopdf --outfile=Figures/SIM_stat_T_100Fano-
eps-converted-to.pdf Figures/SIM_stat_T_100Fano.eps>
(epstopdf)             \includegraphics on input line 716.
Package epstopdf Info: Output file is already uptodate.

<Figures/SIM_stat_T_100Fano-eps-converted-to.pdf, id=652, 523.9575pt x 406.5187
5pt>
File: Figures/SIM_stat_T_100Fano-eps-converted-to.pdf Graphic file (type pdf)
 <use Figures/SIM_stat_T_100Fano-eps-converted-to.pdf>
Package pdftex.def Info: Figures/SIM_stat_T_100Fano-eps-converted-to.pdf used o
n input line 716.
(pdftex.def)             Requested size: 227.62204pt x 176.59851pt.
 [24 <./Figures/EX_T_Fano.png>]
Package epstopdf Info: Source file: <Figures/R_.eps>
(epstopdf)                    date: 2014-03-31 09:08:09
(epstopdf)                    size: 27017 bytes
(epstopdf)             Output file: <Figures/R_-eps-converted-to.pdf>
(epstopdf)                    date: 2014-03-31 10:36:46
(epstopdf)                    size: 19926 bytes
(epstopdf)             Command: <epstopdf --outfile=Figures/R_-eps-converted-to
.pdf Figures/R_.eps>
(epstopdf)             \includegraphics on input line 800.
Package epstopdf Info: Output file is already uptodate.
 <Figures/R_-eps-converted-to.pdf, id=663, 506.89375pt x 409.53pt>
File: Figures/R_-eps-converted-to.pdf Graphic file (type pdf)

<use Figures/R_-eps-converted-to.pdf>
Package pdftex.def Info: Figures/R_-eps-converted-to.pdf used on input line 800
.
(pdftex.def)             Requested size: 284.52756pt x 229.87889pt.
 [25 <./Figures/SIM_stat_T_10Fano-eps-converted-to.pdf> <./Figures/SIM_stat_T_2
5Fano-eps-converted-to.pdf> <./Figures/SIM_stat_T_50Fano-eps-converted-to.pdf> 
<./Figures/SIM_stat_T_100Fano-eps-converted-to.pdf>] <Figures/quanta_Fano.png, 
id=707, 526.1256pt x 436.5108pt>
File: Figures/quanta_Fano.png Graphic file (type png)

<use Figures/quanta_Fano.png>
Package pdftex.def Info: Figures/quanta_Fano.png used on input line 807.
(pdftex.def)             Requested size: 227.62204pt x 188.85492pt.

<Figures/R_Fano.png, id=708, 520.344pt x 435.0654pt>
File: Figures/R_Fano.png Graphic file (type png)
 <use Figures/R_Fano.png>
Package pdftex.def Info: Figures/R_Fano.png used on input line 808.
(pdftex.def)             Requested size: 227.62204pt x 190.32071pt.
Package epstopdf Info: Source file: <Figures/Dahl_fig_Fano.eps>
(epstopdf)                    date: 2014-03-31 09:46:32
(epstopdf)                    size: 16341 bytes
(epstopdf)             Output file: <Figures/Dahl_fig_Fano-eps-converted-to.pdf
>
(epstopdf)                    date: 2014-03-31 10:49:06
(epstopdf)                    size: 11488 bytes
(epstopdf)             Command: <epstopdf --outfile=Figures/Dahl_fig_Fano-eps-c
onverted-to.pdf Figures/Dahl_fig_Fano.eps>
(epstopdf)             \includegraphics on input line 815.
Package epstopdf Info: Output file is already uptodate.

<Figures/Dahl_fig_Fano-eps-converted-to.pdf, id=709, 523.9575pt x 432.61626pt>
File: Figures/Dahl_fig_Fano-eps-converted-to.pdf Graphic file (type pdf)

<use Figures/Dahl_fig_Fano-eps-converted-to.pdf>
Package pdftex.def Info: Figures/Dahl_fig_Fano-eps-converted-to.pdf used on inp
ut line 815.
(pdftex.def)             Requested size: 341.43306pt x 281.91676pt.


LaTeX Warning: `!h' float specifier changed to `!ht'.

Package epstopdf Info: Source file: <Figures/Fano_T_Fano.eps>
(epstopdf)                    date: 2014-03-31 10:27:02
(epstopdf)                    size: 9820 bytes
(epstopdf)             Output file: <Figures/Fano_T_Fano-eps-converted-to.pdf>
(epstopdf)                    date: 2014-03-31 10:49:06
(epstopdf)                    size: 7790 bytes
(epstopdf)             Command: <epstopdf --outfile=Figures/Fano_T_Fano-eps-con
verted-to.pdf Figures/Fano_T_Fano.eps>
(epstopdf)             \includegraphics on input line 821.
Package epstopdf Info: Output file is already uptodate.
<Figures/Fano_T_Fano-eps-converted-to.pdf, id=710, 529.98pt x 409.53pt>
File: Figures/Fano_T_Fano-eps-converted-to.pdf Graphic file (type pdf)

<use Figures/Fano_T_Fano-eps-converted-to.pdf>
Package pdftex.def Info: Figures/Fano_T_Fano-eps-converted-to.pdf used on input
 line 821.
(pdftex.def)             Requested size: 284.52756pt x 219.86188pt.


LaTeX Warning: `!h' float specifier changed to `!ht'.

[26 <./Figures/R_-eps-converted-to.pdf> <./Figures/quanta_Fano.png> <./Figures/
R_Fano.png>]

LaTeX Warning: Text page 27 contains only floats.

[27 <./Figures/Dahl_fig_Fano-eps-converted-to.pdf> <./Figures/Fano_T_Fano-eps-c
onverted-to.pdf>]
Underfull \hbox (badness 10000) in paragraph at lines 832--833

 []

<Figures/example_integral.png, id=758, 578.16pt x 434.1018pt>
File: Figures/example_integral.png Graphic file (type png)

<use Figures/example_integral.png>
Package pdftex.def Info: Figures/example_integral.png used on input line 843.
(pdftex.def)             Requested size: 369.88582pt x 277.71823pt.


LaTeX Warning: `!h' float specifier changed to `!ht'.


LaTeX Font Warning: Command \Large invalid in math mode on input line 854.

LaTeX Font Info:    Calculating math sizes for size <> on input line 857.

LaTeX Font Warning: Font shape `OT1/cmr/m/n' in size <> not available
(Font)              size <5> substituted on input line 857.


LaTeX Font Warning: Font shape `OT1/cmr/m/n' in size <0.7> not available
(Font)              size <5> substituted on input line 857.


LaTeX Font Warning: Font shape `OT1/cmr/m/n' in size <0.5> not available
(Font)              size <5> substituted on input line 857.


LaTeX Font Warning: Font shape `OML/cmm/m/it' in size <> not available
(Font)              size <5> substituted on input line 857.


LaTeX Font Warning: Font shape `OML/cmm/m/it' in size <0.7> not available
(Font)              size <5> substituted on input line 857.


LaTeX Font Warning: Font shape `OML/cmm/m/it' in size <0.5> not available
(Font)              size <5> substituted on input line 857.


LaTeX Font Warning: Font shape `OMS/cmsy/m/n' in size <> not available
(Font)              size <5> substituted on input line 857.


LaTeX Font Warning: Font shape `OMS/cmsy/m/n' in size <0.7> not available
(Font)              size <5> substituted on input line 857.


LaTeX Font Warning: Font shape `OMS/cmsy/m/n' in size <0.5> not available
(Font)              size <5> substituted on input line 857.


LaTeX Font Warning: Font shape `U/lasy/m/n' in size <> not available
(Font)              size <5> substituted on input line 857.


LaTeX Font Warning: Font shape `U/lasy/m/n' in size <0.7> not available
(Font)              size <5> substituted on input line 857.


LaTeX Font Warning: Font shape `U/lasy/m/n' in size <0.5> not available
(Font)              size <5> substituted on input line 857.


LaTeX Font Warning: Font shape `U/wasy/m/n' in size <> not available
(Font)              size <5> substituted on input line 857.


LaTeX Font Warning: Font shape `U/wasy/m/n' in size <0.7> not available
(Font)              size <5> substituted on input line 857.


LaTeX Font Warning: Font shape `U/wasy/m/n' in size <0.5> not available
(Font)              size <5> substituted on input line 857.

[28]

LaTeX Font Warning: Command \Large invalid in math mode on input line 864.


LaTeX Font Warning: Font shape `OT1/cmr/m/it' in size <> not available
(Font)              size <5> substituted on input line 869.


LaTeX Font Warning: Font shape `OT1/cmr/m/it' in size <0.7> not available
(Font)              size <5> substituted on input line 869.


LaTeX Font Warning: Font shape `OT1/cmr/m/it' in size <0.5> not available
(Font)              size <5> substituted on input line 869.

[29 <./Figures/example_integral.png (PNG copy)>]

LaTeX Font Warning: Command \Large invalid in math mode on input line 891.

Package epstopdf Info: Source file: <Figures/Toy_Model_lin_const.eps>
(epstopdf)                    date: 2014-02-09 14:44:15
(epstopdf)                    size: 34367 bytes
(epstopdf)             Output file: <Figures/Toy_Model_lin_const-eps-converted-
to.pdf>
(epstopdf)                    date: 2014-02-09 15:35:37
(epstopdf)                    size: 29933 bytes
(epstopdf)             Command: <epstopdf --outfile=Figures/Toy_Model_lin_const
-eps-converted-to.pdf Figures/Toy_Model_lin_const.eps>
(epstopdf)             \includegraphics on input line 902.
Package epstopdf Info: Output file is already uptodate.

<Figures/Toy_Model_lin_const-eps-converted-to.pdf, id=790, 518.93875pt x 405.51
5pt>
File: Figures/Toy_Model_lin_const-eps-converted-to.pdf Graphic file (type pdf)
 <use Figures/Toy_Model_lin_const-eps-converted-to.pdf>
Package pdftex.def Info: Figures/Toy_Model_lin_const-eps-converted-to.pdf used 
on input line 902.
(pdftex.def)             Requested size: 199.16928pt x 155.63802pt.
Package epstopdf Info: Source file: <Figures/Toy_Model_lin_dep.eps>
(epstopdf)                    date: 2014-02-09 14:46:11
(epstopdf)                    size: 45792 bytes
(epstopdf)             Output file: <Figures/Toy_Model_lin_dep-eps-converted-to
.pdf>
(epstopdf)                    date: 2014-02-09 15:36:41
(epstopdf)                    size: 43212 bytes
(epstopdf)             Command: <epstopdf --outfile=Figures/Toy_Model_lin_dep-e
ps-converted-to.pdf Figures/Toy_Model_lin_dep.eps>
(epstopdf)             \includegraphics on input line 903.
Package epstopdf Info: Output file is already uptodate.

<Figures/Toy_Model_lin_dep-eps-converted-to.pdf, id=791, 518.93875pt x 405.515p
t>
File: Figures/Toy_Model_lin_dep-eps-converted-to.pdf Graphic file (type pdf)
 <use Figures/Toy_Model_lin_dep-eps-converted-to.pdf>
Package pdftex.def Info: Figures/Toy_Model_lin_dep-eps-converted-to.pdf used on
 input line 903.
(pdftex.def)             Requested size: 199.16928pt x 155.63802pt.
Package epstopdf Info: Source file: <Figures/Toy_Model_mean_shift.eps>
(epstopdf)                    date: 2014-02-09 14:56:42
(epstopdf)                    size: 11028 bytes
(epstopdf)             Output file: <Figures/Toy_Model_mean_shift-eps-converted
-to.pdf>
(epstopdf)                    date: 2014-02-09 15:29:22
(epstopdf)                    size: 9208 bytes
(epstopdf)             Command: <epstopdf --outfile=Figures/Toy_Model_mean_shif
t-eps-converted-to.pdf Figures/Toy_Model_mean_shift.eps>
(epstopdf)             \includegraphics on input line 904.
Package epstopdf Info: Output file is already uptodate.

<Figures/Toy_Model_mean_shift-eps-converted-to.pdf, id=792, 506.89375pt x 405.5
15pt>
File: Figures/Toy_Model_mean_shift-eps-converted-to.pdf Graphic file (type pdf)

 <use Figures/Toy_Model_mean_shift-eps-converted-to.pdf>
Package pdftex.def Info: Figures/Toy_Model_mean_shift-eps-converted-to.pdf used
 on input line 904.
(pdftex.def)             Requested size: 199.16928pt x 159.33205pt.


LaTeX Warning: `!h' float specifier changed to `!ht'.


LaTeX Warning: Reference `table:Var' on page 30 undefined on input line 913.

[30] [31 <./Figures/Toy_Model_lin_const-eps-converted-to.pdf> <./Figures/Toy_Mo
del_lin_dep-eps-converted-to.pdf> <./Figures/Toy_Model_mean_shift-eps-converted
-to.pdf>]
Package epstopdf Info: Source file: <Figures/S1_comp_smear_LUX_SIM_Tritium.eps>

(epstopdf)                    date: 2014-02-23 10:11:27
(epstopdf)                    size: 25637 bytes
(epstopdf)             Output file: <Figures/S1_comp_smear_LUX_SIM_Tritium-eps-
converted-to.pdf>
(epstopdf)                    date: 2014-02-23 22:16:57
(epstopdf)                    size: 20795 bytes
(epstopdf)             Command: <epstopdf --outfile=Figures/S1_comp_smear_LUX_S
IM_Tritium-eps-converted-to.pdf Figures/S1_comp_smear_LUX_SIM_Tritium.eps>
(epstopdf)             \includegraphics on input line 924.
Package epstopdf Info: Output file is already uptodate.

<Figures/S1_comp_smear_LUX_SIM_Tritium-eps-converted-to.pdf, id=840, 523.9575pt
 x 411.5375pt>
File: Figures/S1_comp_smear_LUX_SIM_Tritium-eps-converted-to.pdf Graphic file (
type pdf)

<use Figures/S1_comp_smear_LUX_SIM_Tritium-eps-converted-to.pdf>
Package pdftex.def Info: Figures/S1_comp_smear_LUX_SIM_Tritium-eps-converted-to
.pdf used on input line 924.
(pdftex.def)             Requested size: 227.62204pt x 178.77875pt.
Package epstopdf Info: Source file: <Figures/S1_corr_.eps>
(epstopdf)                    date: 2014-02-23 00:01:21
(epstopdf)                    size: 23056 bytes
(epstopdf)             Output file: <Figures/S1_corr_-eps-converted-to.pdf>
(epstopdf)                    date: 2014-02-23 22:16:57
(epstopdf)                    size: 19689 bytes
(epstopdf)             Command: <epstopdf --outfile=Figures/S1_corr_-eps-conver
ted-to.pdf Figures/S1_corr_.eps>
(epstopdf)             \includegraphics on input line 926.
Package epstopdf Info: Output file is already uptodate.

<Figures/S1_corr_-eps-converted-to.pdf, id=841, 511.9125pt x 411.5375pt>
File: Figures/S1_corr_-eps-converted-to.pdf Graphic file (type pdf)

<use Figures/S1_corr_-eps-converted-to.pdf>
Package pdftex.def Info: Figures/S1_corr_-eps-converted-to.pdf used on input li
ne 926.
(pdftex.def)             Requested size: 227.62204pt x 182.98604pt.
Package epstopdf Info: Source file: <Figures/S2_comp_smear_LUX_SIM_Tritium.eps>

(epstopdf)                    date: 2014-02-23 10:02:33
(epstopdf)                    size: 25250 bytes
(epstopdf)             Output file: <Figures/S2_comp_smear_LUX_SIM_Tritium-eps-
converted-to.pdf>
(epstopdf)                    date: 2014-02-23 22:16:58
(epstopdf)                    size: 23832 bytes
(epstopdf)             Command: <epstopdf --outfile=Figures/S2_comp_smear_LUX_S
IM_Tritium-eps-converted-to.pdf Figures/S2_comp_smear_LUX_SIM_Tritium.eps>
(epstopdf)             \includegraphics on input line 946.
Package epstopdf Info: Output file is already uptodate.

<Figures/S2_comp_smear_LUX_SIM_Tritium-eps-converted-to.pdf, id=853, 524.96124p
t x 409.53pt>
File: Figures/S2_comp_smear_LUX_SIM_Tritium-eps-converted-to.pdf Graphic file (
type pdf)
 <use Figures/S2_comp_smear_LUX_SIM_Tritium-eps-converted-to.pdf>
Package pdftex.def Info: Figures/S2_comp_smear_LUX_SIM_Tritium-eps-converted-to
.pdf used on input line 946.
(pdftex.def)             Requested size: 227.62204pt x 177.5692pt.
Package epstopdf Info: Source file: <Figures/S2_corr.eps>
(epstopdf)                    date: 2014-02-23 10:04:15
(epstopdf)                    size: 17505 bytes
(epstopdf)             Output file: <Figures/S2_corr-eps-converted-to.pdf>
(epstopdf)                    date: 2014-02-23 22:16:58
(epstopdf)                    size: 13512 bytes
(epstopdf)             Command: <epstopdf --outfile=Figures/S2_corr-eps-convert
ed-to.pdf Figures/S2_corr.eps>
(epstopdf)             \includegraphics on input line 947.
Package epstopdf Info: Output file is already uptodate.

<Figures/S2_corr-eps-converted-to.pdf, id=854, 518.93875pt x 409.53pt>
File: Figures/S2_corr-eps-converted-to.pdf Graphic file (type pdf)

<use Figures/S2_corr-eps-converted-to.pdf>
Package pdftex.def Info: Figures/S2_corr-eps-converted-to.pdf used on input lin
e 947.
(pdftex.def)             Requested size: 227.62204pt x 179.63135pt.
 [32 <./Figures/S1_comp_smear_LUX_SIM_Tritium-eps-converted-to.pdf> <./Figures/
S1_corr_-eps-converted-to.pdf>]

LaTeX Warning: Reference `table:Var' on page 33 undefined on input line 957.

[33 <./Figures/S2_comp_smear_LUX_SIM_Tritium-eps-converted-to.pdf> <./Figures/S
2_corr-eps-converted-to.pdf>]
Package epstopdf Info: Source file: <Figures/E_comp_smear_LUX_SIM_Tritium.eps>
(epstopdf)                    date: 2014-02-23 11:21:24
(epstopdf)                    size: 12167 bytes
(epstopdf)             Output file: <Figures/E_comp_smear_LUX_SIM_Tritium-eps-c
onverted-to.pdf>
(epstopdf)                    date: 2014-02-23 22:16:58
(epstopdf)                    size: 8906 bytes
(epstopdf)             Command: <epstopdf --outfile=Figures/E_comp_smear_LUX_SI
M_Tritium-eps-converted-to.pdf Figures/E_comp_smear_LUX_SIM_Tritium.eps>
(epstopdf)             \includegraphics on input line 972.
Package epstopdf Info: Output file is already uptodate.

<Figures/E_comp_smear_LUX_SIM_Tritium-eps-converted-to.pdf, id=903, 524.96124pt
 x 409.53pt>
File: Figures/E_comp_smear_LUX_SIM_Tritium-eps-converted-to.pdf Graphic file (t
ype pdf)
 <use Figures/E_comp_smear_LUX_SIM_Tritium-eps-converted-to.pdf>
Package pdftex.def Info: Figures/E_comp_smear_LUX_SIM_Tritium-eps-converted-to.
pdf used on input line 972.
(pdftex.def)             Requested size: 227.62204pt x 177.5692pt.
Package epstopdf Info: Source file: <Figures/E_hist_LUX_SIM_Tritium.eps>
(epstopdf)                    date: 2014-02-23 11:03:52
(epstopdf)                    size: 10748 bytes
(epstopdf)             Output file: <Figures/E_hist_LUX_SIM_Tritium-eps-convert
ed-to.pdf>
(epstopdf)                    date: 2014-02-23 22:16:59
(epstopdf)                    size: 7766 bytes
(epstopdf)             Command: <epstopdf --outfile=Figures/E_hist_LUX_SIM_Trit
ium-eps-converted-to.pdf Figures/E_hist_LUX_SIM_Tritium.eps>
(epstopdf)             \includegraphics on input line 973.
Package epstopdf Info: Output file is already uptodate.

<Figures/E_hist_LUX_SIM_Tritium-eps-converted-to.pdf, id=904, 519.9425pt x 409.
53pt>
File: Figures/E_hist_LUX_SIM_Tritium-eps-converted-to.pdf Graphic file (type pd
f)
 <use Figures/E_hist_LUX_SIM_Tritium-eps-converted-to.pdf>
Package pdftex.def Info: Figures/E_hist_LUX_SIM_Tritium-eps-converted-to.pdf us
ed on input line 973.
(pdftex.def)             Requested size: 227.62204pt x 179.2814pt.
Package epstopdf Info: Source file: <Figures/E_density_LUX_SIM_Tritium.eps>
(epstopdf)                    date: 2014-02-11 16:34:15
(epstopdf)                    size: 272481 bytes
(epstopdf)             Output file: <Figures/E_density_LUX_SIM_Tritium-eps-conv
erted-to.pdf>
(epstopdf)                    date: 2014-02-11 16:38:12
(epstopdf)                    size: 66820 bytes
(epstopdf)             Command: <epstopdf --outfile=Figures/E_density_LUX_SIM_T
ritium-eps-converted-to.pdf Figures/E_density_LUX_SIM_Tritium.eps>
(epstopdf)             \includegraphics on input line 980.
Package epstopdf Info: Output file is already uptodate.

<Figures/E_density_LUX_SIM_Tritium-eps-converted-to.pdf, id=905, 505.89pt x 409
.53pt>
File: Figures/E_density_LUX_SIM_Tritium-eps-converted-to.pdf Graphic file (type
 pdf)
 <use Figures/E_density_LUX_SIM_Tritium-eps-converted-to.pdf>
Package pdftex.def Info: Figures/E_density_LUX_SIM_Tritium-eps-converted-to.pdf
 used on input line 980.
(pdftex.def)             Requested size: 227.62204pt x 184.26804pt.
Package epstopdf Info: Source file: <Figures/E_corr.eps>
(epstopdf)                    date: 2014-02-23 11:26:00
(epstopdf)                    size: 13452 bytes
(epstopdf)             Output file: <Figures/E_corr-eps-converted-to.pdf>
(epstopdf)                    date: 2014-02-23 22:16:59
(epstopdf)                    size: 9607 bytes
(epstopdf)             Command: <epstopdf --outfile=Figures/E_corr-eps-converte
d-to.pdf Figures/E_corr.eps>
(epstopdf)             \includegraphics on input line 981.
Package epstopdf Info: Output file is already uptodate.

<Figures/E_corr-eps-converted-to.pdf, id=906, 520.94624pt x 408.52625pt>
File: Figures/E_corr-eps-converted-to.pdf Graphic file (type pdf)

<use Figures/E_corr-eps-converted-to.pdf>
Package pdftex.def Info: Figures/E_corr-eps-converted-to.pdf used on input line
 981.
(pdftex.def)             Requested size: 227.62204pt x 178.49915pt.


LaTeX Warning: `!h' float specifier changed to `!ht'.

[34 <./Figures/E_comp_smear_LUX_SIM_Tritium-eps-converted-to.pdf> <./Figures/E_
hist_LUX_SIM_Tritium-eps-converted-to.pdf>]
LaTeX Font Info:    Try loading font information for OMS+cmr on input line 993.


(/usr/local/texlive/2011/texmf-dist/tex/latex/base/omscmr.fd
File: omscmr.fd 1999/05/25 v2.5h Standard LaTeX font definitions
)
LaTeX Font Info:    Font shape `OMS/cmr/m/n' in size <12> not available
(Font)              Font shape `OMS/cmsy/m/n' tried instead on input line 993.

<Figures/LY_c_180_Tritium_Dec_2013_Charge_Yield_180_corr.png, id=930, 578.16pt 
x 434.1018pt>
File: Figures/LY_c_180_Tritium_Dec_2013_Charge_Yield_180_corr.png Graphic file 
(type png)

<use Figures/LY_c_180_Tritium_Dec_2013_Charge_Yield_180_corr.png>
Package pdftex.def Info: Figures/LY_c_180_Tritium_Dec_2013_Charge_Yield_180_cor
r.png used on input line 1010.
(pdftex.def)             Requested size: 341.43306pt x 256.35631pt.

<Figures/CH3T_fid_E_S2_c_Tritium_Dec_2013_Charge_Yield_180_corr.png, id=931, 57
8.16pt x 434.1018pt>
File: Figures/CH3T_fid_E_S2_c_Tritium_Dec_2013_Charge_Yield_180_corr.png Graphi
c file (type png)

<use Figures/CH3T_fid_E_S2_c_Tritium_Dec_2013_Charge_Yield_180_corr.png>
Package pdftex.def Info: Figures/CH3T_fid_E_S2_c_Tritium_Dec_2013_Charge_Yield_
180_corr.png used on input line 1011.
(pdftex.def)             Requested size: 341.43306pt x 256.35631pt.


LaTeX Warning: `!h' float specifier changed to `!ht'.


<Figures/LY_180_band_Tritium_Dec_2013_Charge_Yield_180_corr.png, id=932, 553.76
888pt x 435.42674pt>
File: Figures/LY_180_band_Tritium_Dec_2013_Charge_Yield_180_corr.png Graphic fi
le (type png)

<use Figures/LY_180_band_Tritium_Dec_2013_Charge_Yield_180_corr.png>
Package pdftex.def Info: Figures/LY_180_band_Tritium_Dec_2013_Charge_Yield_180_
corr.png used on input line 1018.
(pdftex.def)             Requested size: 233.31259pt x 183.44937pt.

<Figures/QY_180_Tritium_Dec_2013_Charge_Yield_180_corr.png, id=933, 554.67226pt
 x 435.42674pt>
File: Figures/QY_180_Tritium_Dec_2013_Charge_Yield_180_corr.png Graphic file (t
ype png)

<use Figures/QY_180_Tritium_Dec_2013_Charge_Yield_180_corr.png>
Package pdftex.def Info: Figures/QY_180_Tritium_Dec_2013_Charge_Yield_180_corr.
png used on input line 1019.
(pdftex.def)             Requested size: 233.31259pt x 183.15703pt.

<Figures/LY_180_band_log_Tritium_Dec_2013_Charge_Yield_180_corr.png, id=934, 55
4.67226pt x 436.33012pt>
File: Figures/LY_180_band_log_Tritium_Dec_2013_Charge_Yield_180_corr.png Graphi
c file (type png)

<use Figures/LY_180_band_log_Tritium_Dec_2013_Charge_Yield_180_corr.png>
Package pdftex.def Info: Figures/LY_180_band_log_Tritium_Dec_2013_Charge_Yield_
180_corr.png used on input line 1020.
(pdftex.def)             Requested size: 236.15787pt x 185.77406pt.

<Figures/QY_180_log_Tritium_Dec_2013_Charge_Yield_180_corr.png, id=935, 509.503
5pt x 436.33012pt>
File: Figures/QY_180_log_Tritium_Dec_2013_Charge_Yield_180_corr.png Graphic fil
e (type png)

<use Figures/QY_180_log_Tritium_Dec_2013_Charge_Yield_180_corr.png>
Package pdftex.def Info: Figures/QY_180_log_Tritium_Dec_2013_Charge_Yield_180_c
orr.png used on input line 1021.
(pdftex.def)             Requested size: 216.24094pt x 185.18152pt.


LaTeX Warning: `!h' float specifier changed to `!ht'.


<Figures/LY_100_Tritium_Dec_2013_Yield_100_corr.png, id=937, 553.76888pt x 435.
42674pt>
File: Figures/LY_100_Tritium_Dec_2013_Yield_100_corr.png Graphic file (type png
)
 <use Figures/LY_100_Tritium_Dec_2013_Yield_100_corr.png>
Package pdftex.def Info: Figures/LY_100_Tritium_Dec_2013_Yield_100_corr.png use
d on input line 1033.
(pdftex.def)             Requested size: 233.31259pt x 183.44937pt.

<Figures/QY_100_Tritium_Dec_2013_Yield_100_corr.png, id=938, 545.6385pt x 437.2
335pt>
File: Figures/QY_100_Tritium_Dec_2013_Yield_100_corr.png Graphic file (type png
)
 <use Figures/QY_100_Tritium_Dec_2013_Yield_100_corr.png>
Package pdftex.def Info: Figures/QY_100_Tritium_Dec_2013_Yield_100_corr.png use
d on input line 1034.
(pdftex.def)             Requested size: 230.46732pt x 184.67758pt.

<Figures/LY_180_band_log_Tritium_Dec_2013_Yield_100_corr.png, id=939, 554.67226
pt x 436.33012pt>
File: Figures/LY_180_band_log_Tritium_Dec_2013_Yield_100_corr.png Graphic file 
(type png)

<use Figures/LY_180_band_log_Tritium_Dec_2013_Yield_100_corr.png>
Package pdftex.def Info: Figures/LY_180_band_log_Tritium_Dec_2013_Yield_100_cor
r.png used on input line 1035.
(pdftex.def)             Requested size: 236.15787pt x 185.77406pt.

<Figures/QY_180_log_Tritium_Dec_2013_Yield_100_corr.png, id=940, 512.21362pt x 
437.2335pt>
File: Figures/QY_180_log_Tritium_Dec_2013_Yield_100_corr.png Graphic file (type
 png)
 <use Figures/QY_180_log_Tritium_Dec_2013_Yield_100_corr.png>
Package pdftex.def Info: Figures/QY_180_log_Tritium_Dec_2013_Yield_100_corr.png
 used on input line 1036.
(pdftex.def)             Requested size: 216.24094pt x 184.58418pt.

[35 <./Figures/E_density_LUX_SIM_Tritium-eps-converted-to.pdf> <./Figures/E_cor
r-eps-converted-to.pdf>]

LaTeX Warning: Text page 36 contains only floats.

[36 <./Figures/LY_c_180_Tritium_Dec_2013_Charge_Yield_180_corr.png (PNG copy)> 
<./Figures/CH3T_fid_E_S2_c_Tritium_Dec_2013_Charge_Yield_180_corr.png (PNG copy
)>]

LaTeX Warning: `!h' float specifier changed to `!ht'.

Package epstopdf Info: Source file: <Figures/Re_all_log_T_paper_corr_threshold.
eps>
(epstopdf)                    date: 2014-03-10 07:25:34
(epstopdf)                    size: 329769 bytes
(epstopdf)             Output file: <Figures/Re_all_log_T_paper_corr_threshold-
eps-converted-to.pdf>
(epstopdf)                    date: 2014-03-31 07:54:39
(epstopdf)                    size: 23854 bytes
(epstopdf)             Command: <epstopdf --outfile=Figures/Re_all_log_T_paper_
corr_threshold-eps-converted-to.pdf Figures/Re_all_log_T_paper_corr_threshold.e
ps>
(epstopdf)             \includegraphics on input line 1048.
Package epstopdf Info: Output file is already uptodate.

<Figures/Re_all_log_T_paper_corr_threshold-eps-converted-to.pdf, id=962, 506.89
375pt x 431.6125pt>
File: Figures/Re_all_log_T_paper_corr_threshold-eps-converted-to.pdf Graphic fi
le (type pdf)

<use Figures/Re_all_log_T_paper_corr_threshold-eps-converted-to.pdf>
Package pdftex.def Info: Figures/Re_all_log_T_paper_corr_threshold-eps-converte
d-to.pdf used on input line 1048.
(pdftex.def)             Requested size: 284.52756pt x 242.2743pt.
Package epstopdf Info: Source file: <Figures/LY_all_T_paper.eps>
(epstopdf)                    date: 2014-03-10 07:50:02
(epstopdf)                    size: 337546 bytes
(epstopdf)             Output file: <Figures/LY_all_T_paper-eps-converted-to.pd
f>
(epstopdf)                    date: 2014-03-31 07:54:39
(epstopdf)                    size: 39568 bytes
(epstopdf)             Command: <epstopdf --outfile=Figures/LY_all_T_paper-eps-
converted-to.pdf Figures/LY_all_T_paper.eps>
(epstopdf)             \includegraphics on input line 1049.
Package epstopdf Info: Output file is already uptodate.

<Figures/LY_all_T_paper-eps-converted-to.pdf, id=963, 479.7925pt x 407.5225pt>
File: Figures/LY_all_T_paper-eps-converted-to.pdf Graphic file (type pdf)

<use Figures/LY_all_T_paper-eps-converted-to.pdf>
Package pdftex.def Info: Figures/LY_all_T_paper-eps-converted-to.pdf used on in
put line 1049.
(pdftex.def)             Requested size: 227.62204pt x 193.3389pt.
Package epstopdf Info: Source file: <Figures/Charge_Y_all_Tritium_Dec_2013_Char
ge_Yield_180_corr.eps>
(epstopdf)                    date: 2014-02-23 21:26:33
(epstopdf)                    size: 330060 bytes
(epstopdf)             Output file: <Figures/Charge_Y_all_Tritium_Dec_2013_Char
ge_Yield_180_corr-eps-converted-to.pdf>
(epstopdf)                    date: 2014-02-23 23:25:08
(epstopdf)                    size: 39674 bytes
(epstopdf)             Command: <epstopdf --outfile=Figures/Charge_Y_all_Tritiu
m_Dec_2013_Charge_Yield_180_corr-eps-converted-to.pdf Figures/Charge_Y_all_Trit
ium_Dec_2013_Charge_Yield_180_corr.eps>
(epstopdf)             \includegraphics on input line 1050.
Package epstopdf Info: Output file is already uptodate.

<Figures/Charge_Y_all_Tritium_Dec_2013_Charge_Yield_180_corr-eps-converted-to.p
df, id=964, 468.75125pt x 407.5225pt>
File: Figures/Charge_Y_all_Tritium_Dec_2013_Charge_Yield_180_corr-eps-converted
-to.pdf Graphic file (type pdf)

<use Figures/Charge_Y_all_Tritium_Dec_2013_Charge_Yield_180_corr-eps-converted-
to.pdf>
Package pdftex.def Info: Figures/Charge_Y_all_Tritium_Dec_2013_Charge_Yield_180
_corr-eps-converted-to.pdf used on input line 1050.
(pdftex.def)             Requested size: 227.62204pt x 197.88446pt.


LaTeX Warning: `!h' float specifier changed to `!ht'.

[37 <./Figures/LY_180_band_Tritium_Dec_2013_Charge_Yield_180_corr.png> <./Figur
es/QY_180_Tritium_Dec_2013_Charge_Yield_180_corr.png> <./Figures/LY_180_band_lo
g_Tritium_Dec_2013_Charge_Yield_180_corr.png> <./Figures/QY_180_log_Tritium_Dec
_2013_Charge_Yield_180_corr.png>]
<Figures/CH3T_E_dis_Tritium_Dec_2013_Yield_180_corr.png, id=977, 536.60475pt x 
437.2335pt>
File: Figures/CH3T_E_dis_Tritium_Dec_2013_Yield_180_corr.png Graphic file (type
 png)
 <use Figures/CH3T_E_dis_Tritium_Dec_2013_Yield_180_corr.png>
Package pdftex.def Info: Figures/CH3T_E_dis_Tritium_Dec_2013_Yield_180_corr.png
 used on input line 1061.
(pdftex.def)             Requested size: 227.62204pt x 185.47151pt.

<Figures/CH3T_S1_dis_zoom_Tritium_Dec_2013_Yield_180_corr.png, id=978, 536.6047
5pt x 435.42674pt>
File: Figures/CH3T_S1_dis_zoom_Tritium_Dec_2013_Yield_180_corr.png Graphic file
 (type png)

<use Figures/CH3T_S1_dis_zoom_Tritium_Dec_2013_Yield_180_corr.png>
Package pdftex.def Info: Figures/CH3T_S1_dis_zoom_Tritium_Dec_2013_Yield_180_co
rr.png used on input line 1062.
(pdftex.def)             Requested size: 227.62204pt x 184.7051pt.


LaTeX Warning: `!h' float specifier changed to `!ht'.


<Figures/CH3T_E_dis_Tritium_Dec_2013_Charge_Yield_180.png, id=979, 578.16pt x 4
34.1018pt>
File: Figures/CH3T_E_dis_Tritium_Dec_2013_Charge_Yield_180.png Graphic file (ty
pe png)
 <use Figures/CH3T_E_dis_Tritium_Dec_2013_Charge_Yield_180.png>
Package pdftex.def Info: Figures/CH3T_E_dis_Tritium_Dec_2013_Charge_Yield_180.p
ng used on input line 1069.
(pdftex.def)             Requested size: 239.00314pt x 179.44676pt.

<Figures/CH3T_S1_dis_zoom_Tritium_Dec_2013_Charge_Yield_180.png, id=980, 536.60
475pt x 435.42674pt>
File: Figures/CH3T_S1_dis_zoom_Tritium_Dec_2013_Charge_Yield_180.png Graphic fi
le (type png)

<use Figures/CH3T_S1_dis_zoom_Tritium_Dec_2013_Charge_Yield_180.png>
Package pdftex.def Info: Figures/CH3T_S1_dis_zoom_Tritium_Dec_2013_Charge_Yield
_180.png used on input line 1070.
(pdftex.def)             Requested size: 213.39566pt x 173.1577pt.


LaTeX Warning: `!h' float specifier changed to `!ht'.

Package epstopdf Info: Source file: <Figures/CH3T_E_spec_218_Tritium_Dec_2013_C
harge_Yield_180.eps>
(epstopdf)                    date: 2014-02-02 22:38:47
(epstopdf)                    size: 27252 bytes
(epstopdf)             Output file: <Figures/CH3T_E_spec_218_Tritium_Dec_2013_C
harge_Yield_180-eps-converted-to.pdf>
(epstopdf)                    date: 2014-02-03 10:35:51
(epstopdf)                    size: 20909 bytes
(epstopdf)             Command: <epstopdf --outfile=Figures/CH3T_E_spec_218_Tri
tium_Dec_2013_Charge_Yield_180-eps-converted-to.pdf Figures/CH3T_E_spec_218_Tri
tium_Dec_2013_Charge_Yield_180.eps>
(epstopdf)             \includegraphics on input line 1078.
Package epstopdf Info: Output file is already uptodate.

<Figures/CH3T_E_spec_218_Tritium_Dec_2013_Charge_Yield_180-eps-converted-to.pdf
, id=981, 506.89375pt x 421.575pt>
File: Figures/CH3T_E_spec_218_Tritium_Dec_2013_Charge_Yield_180-eps-converted-t
o.pdf Graphic file (type pdf)

<use Figures/CH3T_E_spec_218_Tritium_Dec_2013_Charge_Yield_180-eps-converted-to
.pdf>
Package pdftex.def Info: Figures/CH3T_E_spec_218_Tritium_Dec_2013_Charge_Yield_
180-eps-converted-to.pdf used on input line 1078.
(pdftex.def)             Requested size: 284.52756pt x 236.64003pt.


LaTeX Warning: `!h' float specifier changed to `!ht'.

[38 <./Figures/LY_100_Tritium_Dec_2013_Yield_100_corr.png> <./Figures/QY_100_Tr
itium_Dec_2013_Yield_100_corr.png> <./Figures/LY_180_band_log_Tritium_Dec_2013_
Yield_100_corr.png> <./Figures/QY_180_log_Tritium_Dec_2013_Yield_100_corr.png>]

<Figures/CH3T_fid_50_Tritium_Dec_2013_S2_100Phe_cut.png, id=990, 561.7788pt x 4
08.0846pt>
File: Figures/CH3T_fid_50_Tritium_Dec_2013_S2_100Phe_cut.png Graphic file (type
 png)
 <use Figures/CH3T_fid_50_Tritium_Dec_2013_S2_100Phe_cut.png>
Package pdftex.def Info: Figures/CH3T_fid_50_Tritium_Dec_2013_S2_100Phe_cut.png
 used on input line 1090.
(pdftex.def)             Requested size: 227.62204pt x 165.34807pt.
Package epstopdf Info: Source file: <Figures/CH3T_Leakage_fid_50_Tritium_Dec_20
13_S2_100Phe_cut.eps>
(epstopdf)                    date: 2014-02-02 22:58:06
(epstopdf)                    size: 23134 bytes
(epstopdf)             Output file: <Figures/CH3T_Leakage_fid_50_Tritium_Dec_20
13_S2_100Phe_cut-eps-converted-to.pdf>
(epstopdf)                    date: 2014-02-03 00:47:16
(epstopdf)                    size: 24975 bytes
(epstopdf)             Command: <epstopdf --outfile=Figures/CH3T_Leakage_fid_50
_Tritium_Dec_2013_S2_100Phe_cut-eps-converted-to.pdf Figures/CH3T_Leakage_fid_5
0_Tritium_Dec_2013_S2_100Phe_cut.eps>
(epstopdf)             \includegraphics on input line 1091.
Package epstopdf Info: Output file is already uptodate.

<Figures/CH3T_Leakage_fid_50_Tritium_Dec_2013_S2_100Phe_cut-eps-converted-to.pd
f, id=991, 562.1pt x 405.515pt>
File: Figures/CH3T_Leakage_fid_50_Tritium_Dec_2013_S2_100Phe_cut-eps-converted-
to.pdf Graphic file (type pdf)

<use Figures/CH3T_Leakage_fid_50_Tritium_Dec_2013_S2_100Phe_cut-eps-converted-t
o.pdf>
Package pdftex.def Info: Figures/CH3T_Leakage_fid_50_Tritium_Dec_2013_S2_100Phe
_cut-eps-converted-to.pdf used on input line 1091.
(pdftex.def)             Requested size: 227.62204pt x 164.2141pt.


LaTeX Warning: `!h' float specifier changed to `!ht'.


<Figures/CH3T_fid_E_Tritium_Dec_2013_S2_100Phe_cut.png, id=992, 560.8152pt x 42
1.575pt>
File: Figures/CH3T_fid_E_Tritium_Dec_2013_S2_100Phe_cut.png Graphic file (type 
png)
 <use Figures/CH3T_fid_E_Tritium_Dec_2013_S2_100Phe_cut.png>
Package pdftex.def Info: Figures/CH3T_fid_E_Tritium_Dec_2013_S2_100Phe_cut.png 
used on input line 1099.
(pdftex.def)             Requested size: 227.62204pt x 171.10359pt.
Package epstopdf Info: Source file: <Figures/CH3T_Leakage_E_fid_50_Tritium_Dec_
2013_S2_100Phe_cut.eps>
(epstopdf)                    date: 2014-02-02 23:41:53
(epstopdf)                    size: 23177 bytes
(epstopdf)             Output file: <Figures/CH3T_Leakage_E_fid_50_Tritium_Dec_
2013_S2_100Phe_cut-eps-converted-to.pdf>
(epstopdf)                    date: 2014-02-03 00:17:09
(epstopdf)                    size: 23908 bytes
(epstopdf)             Command: <epstopdf --outfile=Figures/CH3T_Leakage_E_fid_
50_Tritium_Dec_2013_S2_100Phe_cut-eps-converted-to.pdf Figures/CH3T_Leakage_E_f
id_50_Tritium_Dec_2013_S2_100Phe_cut.eps>
(epstopdf)             \includegraphics on input line 1100.
Package epstopdf Info: Output file is already uptodate.

<Figures/CH3T_Leakage_E_fid_50_Tritium_Dec_2013_S2_100Phe_cut-eps-converted-to.
pdf, id=993, 560.0925pt x 414.54875pt>
File: Figures/CH3T_Leakage_E_fid_50_Tritium_Dec_2013_S2_100Phe_cut-eps-converte
d-to.pdf Graphic file (type pdf)

<use Figures/CH3T_Leakage_E_fid_50_Tritium_Dec_2013_S2_100Phe_cut-eps-converted
-to.pdf>
Package pdftex.def Info: Figures/CH3T_Leakage_E_fid_50_Tritium_Dec_2013_S2_100P
he_cut-eps-converted-to.pdf used on input line 1100.
(pdftex.def)             Requested size: 227.62204pt x 168.47327pt.
 [39 <./Figures/Re_all_log_T_paper_corr_threshold-eps-converted-to.pdf> <./Figu
res/LY_all_T_paper-eps-converted-to.pdf> <./Figures/Charge_Y_all_Tritium_Dec_20
13_Charge_Yield_180_corr-eps-converted-to.pdf>]

LaTeX Warning: `!h' float specifier changed to `!ht'.


Overfull \vbox (0.63493pt too high) has occurred while \output is active []


[40 <./Figures/CH3T_E_dis_Tritium_Dec_2013_Yield_180_corr.png> <./Figures/CH3T_
S1_dis_zoom_Tritium_Dec_2013_Yield_180_corr.png> <./Figures/CH3T_E_dis_Tritium_
Dec_2013_Charge_Yield_180.png (PNG copy)> <./Figures/CH3T_S1_dis_zoom_Tritium_D
ec_2013_Charge_Yield_180.png>]
<Figures/Tritium_LY_180_1.png, id=1060, 561.09625pt x 420.57124pt>
File: Figures/Tritium_LY_180_1.png Graphic file (type png)

<use Figures/Tritium_LY_180_1.png>
Package pdftex.def Info: Figures/Tritium_LY_180_1.png used on input line 1113.
(pdftex.def)             Requested size: 341.43306pt x 255.91917pt.

<Figures/CH3T_fid_E_S2_Tritium_Dec_2013_Charge_Yield_180.png, id=1061, 561.0962
5pt x 420.57124pt>
File: Figures/CH3T_fid_E_S2_Tritium_Dec_2013_Charge_Yield_180.png Graphic file 
(type png)

<use Figures/CH3T_fid_E_S2_Tritium_Dec_2013_Charge_Yield_180.png>
Package pdftex.def Info: Figures/CH3T_fid_E_S2_Tritium_Dec_2013_Charge_Yield_18
0.png used on input line 1114.
(pdftex.def)             Requested size: 341.43306pt x 255.91917pt.


LaTeX Warning: `!h' float specifier changed to `!ht'.


<Figures/LY_180_Tritium_Dec_2013_Light_Yield.png, id=1062, 509.5035pt x 433.62p
t>
File: Figures/LY_180_Tritium_Dec_2013_Light_Yield.png Graphic file (type png)
 <use Figures/LY_180_Tritium_Dec_2013_Light_Yield.png>
Package pdftex.def Info: Figures/LY_180_Tritium_Dec_2013_Light_Yield.png used o
n input line 1122.
(pdftex.def)             Requested size: 219.08621pt x 186.45296pt.

<Figures/QY_180_Tritium_Dec_2013_Charge_Yield_180.png, id=1063, 542.025pt x 435
.42674pt>
File: Figures/QY_180_Tritium_Dec_2013_Charge_Yield_180.png Graphic file (type p
ng)
 <use Figures/QY_180_Tritium_Dec_2013_Charge_Yield_180.png>
Package pdftex.def Info: Figures/QY_180_Tritium_Dec_2013_Charge_Yield_180.png u
sed on input line 1123.
(pdftex.def)             Requested size: 230.46732pt x 185.1436pt.

<Figures/LY_180_log_Tritium_Dec_2013_Light_Yield.png, id=1064, 560.0925pt x 420
.97275pt>
File: Figures/LY_180_log_Tritium_Dec_2013_Light_Yield.png Graphic file (type pn
g)
 <use Figures/LY_180_log_Tritium_Dec_2013_Light_Yield.png>
Package pdftex.def Info: Figures/LY_180_log_Tritium_Dec_2013_Light_Yield.png us
ed on input line 1124.
(pdftex.def)             Requested size: 247.53897pt x 186.0572pt.

<Figures/QY_180_log_Tritium_Dec_2013_Charge_Yield_180.png, id=1065, 512.21362pt
 x 435.42674pt>
File: Figures/QY_180_log_Tritium_Dec_2013_Charge_Yield_180.png Graphic file (ty
pe png)
 <use Figures/QY_180_log_Tritium_Dec_2013_Charge_Yield_180.png>
Package pdftex.def Info: Figures/QY_180_log_Tritium_Dec_2013_Charge_Yield_180.p
ng used on input line 1125.
(pdftex.def)             Requested size: 219.08621pt x 186.23988pt.


LaTeX Warning: `!h' float specifier changed to `!ht'.

(./Escale_Rec_LY_QY.bbl [41 <./Figures/CH3T_E_spec_218_Tritium_Dec_2013_Charge_
Yield_180-eps-converted-to.pdf> <./Figures/CH3T_fid_50_Tritium_Dec_2013_S2_100P
he_cut.png> <./Figures/CH3T_Leakage_fid_50_Tritium_Dec_2013_S2_100Phe_cut-eps-c
onverted-to.pdf>])
Package atveryend Info: Empty hook `BeforeClearDocument' on input line 1137.
 [42 <./Figures/CH3T_fid_E_Tritium_Dec_2013_S2_100Phe_cut.png> <./Figures/CH3T_
Leakage_E_fid_50_Tritium_Dec_2013_S2_100Phe_cut-eps-converted-to.pdf>]

LaTeX Warning: Text page 43 contains only floats.

[43 <./Figures/Tritium_LY_180_1.png (PNG copy)> <./Figures/CH3T_fid_E_S2_Tritiu
m_Dec_2013_Charge_Yield_180.png (PNG copy)>] [44 <./Figures/LY_180_Tritium_Dec_
2013_Light_Yield.png> <./Figures/QY_180_Tritium_Dec_2013_Charge_Yield_180.png> 
<./Figures/LY_180_log_Tritium_Dec_2013_Light_Yield.png> <./Figures/QY_180_log_T
ritium_Dec_2013_Charge_Yield_180.png>]
Package atveryend Info: Empty hook `AfterLastShipout' on input line 1137.
 (./Escale_Rec_LY_QY.aux)
Package atveryend Info: Executing hook `AtVeryEndDocument' on input line 1137.
Package atveryend Info: Executing hook `AtEndAfterFileList' on input line 1137.

Package rerunfilecheck Info: File `Escale_Rec_LY_QY.out' has not changed.
(rerunfilecheck)             Checksum: 301862643ADA91B7BAA85BA3A18BB7C4;2781.


LaTeX Font Warning: Size substitutions with differences
(Font)              up to 4.5pt have occurred.


LaTeX Warning: There were undefined references.


LaTeX Warning: There were multiply-defined labels.

Package atveryend Info: Empty hook `AtVeryVeryEnd' on input line 1137.
 ) 
Here is how much of TeX's memory you used:
 8169 strings out of 493633
 136479 string characters out of 3143378
 232690 words of memory out of 3000000
 11101 multiletter control sequences out of 15000+200000
 16974 words of font info for 67 fonts, out of 3000000 for 9000
 831 hyphenation exceptions out of 8191
 36i,18n,42p,1801b,488s stack positions out of 5000i,500n,10000p,200000b,50000s
</usr/local/texlive/2011/texmf-dist/fonts/type1/public/amsfonts/cm/cmbx12.pfb
></usr/local/texlive/2011/texmf-dist/fonts/type1/public/amsfonts/cm/cmex10.pfb>
</usr/local/texlive/2011/texmf-dist/fonts/type1/public/amsfonts/cm/cmmi10.pfb><
/usr/local/texlive/2011/texmf-dist/fonts/type1/public/amsfonts/cm/cmmi12.pfb></
usr/local/texlive/2011/texmf-dist/fonts/type1/public/amsfonts/cm/cmmi5.pfb></us
r/local/texlive/2011/texmf-dist/fonts/type1/public/amsfonts/cm/cmmi6.pfb></usr/
local/texlive/2011/texmf-dist/fonts/type1/public/amsfonts/cm/cmmi7.pfb></usr/lo
cal/texlive/2011/texmf-dist/fonts/type1/public/amsfonts/cm/cmmi8.pfb></usr/loca
l/texlive/2011/texmf-dist/fonts/type1/public/amsfonts/cm/cmr10.pfb></usr/local/
texlive/2011/texmf-dist/fonts/type1/public/amsfonts/cm/cmr12.pfb></usr/local/te
xlive/2011/texmf-dist/fonts/type1/public/amsfonts/cm/cmr5.pfb></usr/local/texli
ve/2011/texmf-dist/fonts/type1/public/amsfonts/cm/cmr6.pfb></usr/local/texlive/
2011/texmf-dist/fonts/type1/public/amsfonts/cm/cmr7.pfb></usr/local/texlive/201
1/texmf-dist/fonts/type1/public/amsfonts/cm/cmr8.pfb></usr/local/texlive/2011/t
exmf-dist/fonts/type1/public/amsfonts/cm/cmr9.pfb></usr/local/texlive/2011/texm
f-dist/fonts/type1/public/amsfonts/cm/cmsy10.pfb></usr/local/texlive/2011/texmf
-dist/fonts/type1/public/amsfonts/cm/cmsy5.pfb></usr/local/texlive/2011/texmf-d
ist/fonts/type1/public/amsfonts/cm/cmsy6.pfb></usr/local/texlive/2011/texmf-dis
t/fonts/type1/public/amsfonts/cm/cmsy7.pfb></usr/local/texlive/2011/texmf-dist/
fonts/type1/public/amsfonts/cm/cmsy8.pfb></usr/local/texlive/2011/texmf-dist/fo
nts/type1/public/amsfonts/cm/cmti10.pfb></usr/local/texlive/2011/texmf-dist/fon
ts/type1/public/amsfonts/cm/cmti12.pfb>
Output written on Escale_Rec_LY_QY.pdf (44 pages, 4124153 bytes).
PDF statistics:
 1214 PDF objects out of 1440 (max. 8388607)
 949 compressed objects within 10 object streams
 166 named destinations out of 1000 (max. 500000)
 687 words of extra memory for PDF output out of 10000 (max. 10000000)

