\BOOKMARK [1][-]{section.1}{The Standard Candle}{}% 1
\BOOKMARK [2][-]{subsection.1.1}{Field dependence of light yield from the 32.1 keV gamma of 83mKr }{section.1}% 2
\BOOKMARK [1][-]{section.2}{Calibrating the Combined Energy Scale}{}% 3
\BOOKMARK [2][-]{subsection.2.1}{Anti-Correlation Space}{section.2}% 4
\BOOKMARK [2][-]{subsection.2.2}{Refitting in Combined Energy Space}{section.2}% 5
\BOOKMARK [2][-]{subsection.2.3}{Finding Errors with MCMC}{section.2}% 6
\BOOKMARK [2][-]{subsection.2.4}{Combined Energy Space}{section.2}% 7
\BOOKMARK [1][-]{section.3}{Light Collection and Electron extraction}{}% 8
\BOOKMARK [1][-]{section.4}{Modeling Intrinsic Detector Resolution}{}% 9
\BOOKMARK [1][-]{section.5}{Measuring Recombination Fluctuations}{}% 10
\BOOKMARK [2][-]{subsection.5.1}{Measuring Recombination Fluctuations with Mono-Energetic Sources}{section.5}% 11
\BOOKMARK [2][-]{subsection.5.2}{Measuring Recombination Fluctuations in Desecrate Energy Bins}{section.5}% 12
\BOOKMARK [2][-]{subsection.5.3}{Measuring the Fano Factor in Bins of Energy}{section.5}% 13
\BOOKMARK [2][-]{subsection.5.4}{Application to 83Kr}{section.5}% 14
\BOOKMARK [2][-]{subsection.5.5}{Intrinsic Detector Resolution for The Tritium Beta Spectrum}{section.5}% 15
\BOOKMARK [2][-]{subsection.5.6}{Application to Tritium Data \(Will go after Section 4 where the Smearing Model is discussed\)}{section.5}% 16
\BOOKMARK [1][-]{section.6}{Correcting the Tritium Spectral Shape for Finite Resolution \(Out of Date\)}{}% 17
\BOOKMARK [2][-]{subsection.6.1}{Calculating the Observed Energy}{section.6}% 18
\BOOKMARK [2][-]{subsection.6.2}{Smearing a Toy Spectrum}{section.6}% 19
\BOOKMARK [2][-]{subsection.6.3}{Correcting the Tritium S1 Mean}{section.6}% 20
\BOOKMARK [2][-]{subsection.6.4}{Correcting the Tritium S2 Mean}{section.6}% 21
\BOOKMARK [2][-]{subsection.6.5}{Correcting the Tritium Energy Spectrum}{section.6}% 22
\BOOKMARK [1][-]{section.7}{Scintillation Yield and Ionization Yield from Tritium Beta Decay}{}% 23
\BOOKMARK [2][-]{subsection.7.1}{Cuts used in this analysis}{section.7}% 24
\BOOKMARK [2][-]{subsection.7.2}{Results at 180 [V/cm], Corrected for Spectral Shape}{section.7}% 25
\BOOKMARK [2][-]{subsection.7.3}{Results at 100 [V/cm], Corrected for Spectral Shape}{section.7}% 26
\BOOKMARK [2][-]{subsection.7.4}{Compared With recent Compton Scattering Measurement}{section.7}% 27
\BOOKMARK [1][-]{section.8}{Fixing the Low Energy Tritium `Pile Up' }{}% 28
\BOOKMARK [1][-]{section.9}{Discrimination vs E and S1}{}% 29
\BOOKMARK [2][-]{subsection.9.1}{Discrimination vs. S1}{section.9}% 30
\BOOKMARK [2][-]{subsection.9.2}{Discrimination vs. Combined Energy}{section.9}% 31
\BOOKMARK [1][-]{section.10}{Old LY,QY Results at 180 [V/cm], Uncorrected for Spectral Shape}{}% 32
