This is pdfTeX, Version 3.1415926-2.3-1.40.12 (TeX Live 2011) (format=pdflatex 2011.7.3)  19 JUN 2014 22:17
entering extended mode
 \write18 enabled.
 file:line:error style messages enabled.
 %&-line parsing enabled.
**Tritium.tex
(./Tritium.tex
LaTeX2e <2009/09/24>
Babel <v3.8l> and hyphenation patterns for english, dumylang, nohyphenation, ge
rman-x-2009-06-19, ngerman-x-2009-06-19, afrikaans, ancientgreek, ibycus, arabi
c, armenian, basque, bulgarian, catalan, pinyin, coptic, croatian, czech, danis
h, dutch, ukenglish, usenglishmax, esperanto, estonian, ethiopic, farsi, finnis
h, french, galician, german, ngerman, swissgerman, monogreek, greek, hungarian,
 icelandic, assamese, bengali, gujarati, hindi, kannada, malayalam, marathi, or
iya, panjabi, tamil, telugu, indonesian, interlingua, irish, italian, kurmanji,
 lao, latin, latvian, lithuanian, mongolian, mongolianlmc, bokmal, nynorsk, pol
ish, portuguese, romanian, russian, sanskrit, serbian, serbianc, slovak, sloven
ian, spanish, swedish, turkish, turkmen, ukrainian, uppersorbian, welsh, loaded
.
(/usr/local/texlive/2011/texmf-dist/tex/latex/revtex/revtex4-1.cls
Document Class: revtex4-1 2010/07/25/20:33:00 4.1r (http://publish.aps.org/revt
ex4/ for documentation)
 Copyright (c) 2009 The American Physical Society.
 mailto:revtex@aps.org
 Licensed under the LPPL:
http://www.ctan.org/tex-archive/macros/latex/base/lppl.txt
 Arthur Ogawa <arthur_ogawa at sbcglobal dot net>
 Based on work by David Carlisle <david at dcarlisle.demon.co.uk>.
ltxutil[2010/07/25/20:33:00 4.1r utilities package (portions licensed from W. E
. Baxter web at superscript.com)]
LaTeX Info: Redefining \@centercr on input line 308.
Class revtex4-1 Info: Repairing broken LaTeX eqnarray on input line 358.
\eqncolsep=\skip41
Class revtex4-1 Info: Repairing hyperref-unfriendly LaTeX definition of \mpfoot
note on input line 433.
Class revtex4-1 Info: Repairing broken LateX \@sect on input line 755.
\intertabularlinepenalty=\count79
\@tbpen=\count80
\@arstrutbox@hline=\box26
Class revtex4-1 Info: Repairing broken LaTeX \@xbitor on input line 1786.
Class revtex4-1 Info: Making \typeout \long on input line 2046.
ltxfront[2010/07/25/20:33:00 4.1r frontmatter package (AO,DPC)]
\c@affil=\count81
\c@collab=\count82
\absbox=\box27
ltxgrid[2010/07/25/20:33:00 4.1r page grid package (portions licensed from W. E
. Baxter web at superscript.com)]
\c@linecount=\count83
\output@latex=\toks14
\box@size@1=\box28
\box@size@2=\box29
\@protection@box=\box30
\@topmark@saved=\toks15
\footins@saved=\box31
\footins@recovered=\box32
\column@recovered=\box33
\pagesofar=\box34
\footsofar=\box35
\pagegrid@col=\count84
Class revtex4-1 Info: Overriding \@vspace, \@vspacer, \@no@pgbk, \@newline, and
 \\  on input line 5578.
\c@part=\count85
\c@section=\count86
\c@subsection=\count87
\c@subsubsection=\count88
\c@paragraph=\count89
\c@subparagraph=\count90
\abovecaptionskip=\skip42
\belowcaptionskip=\skip43
\c@figure=\count91
\fbox@1=\box36
\c@table=\count92
\fbox@2=\box37
\c@video=\count93
\fbox@4=\box38
\@bibdataout=\write3
\widetext@top=\box39
\widetext@bot=\box40

Class revtex4-1 Warning: No Society specified, using default society aps.

(/usr/local/texlive/2011/texmf-dist/tex/latex/revtex/aps4-1.rtx
File: aps4-1 2010/07/25/20:33:00 4.1r (http://publish.aps.org/revtex4/ for docu
mentation)
Class revtex4-1 Info: RevTeX society APS selected on input line 31.
)

Class revtex4-1 Warning: No journal specified, using default pra.

Class revtex4-1 Info: APS journal PRA selected on input line 7545.

Class revtex4-1 Warning: No type size specified, using default 10.

(/usr/local/texlive/2011/texmf-dist/tex/latex/revtex/aps10pt4-1.rtx
File: aps10pt4-1 2010/07/25/20:33:00 4.1r (http://publish.aps.org/revtex4/ for 
documentation)
Class revtex4-1 Info: RevTeX pointsize 10pt selected on input line 30.
)
(/usr/local/texlive/2011/texmf-dist/tex/latex/textcase/textcase.sty
Package: textcase 2004/10/07 v0.07 Text only upper/lower case changing (DPC)
)
(/usr/local/texlive/2011/texmf-dist/tex/latex/url/url.sty
\Urlmuskip=\muskip10
Package: url 2006/04/12  ver 3.3  Verb mode for urls, etc.
)
(/usr/local/texlive/2011/texmf-dist/tex/latex/natbib/natbib.sty
Package: natbib 2010/09/13 8.31b (PWD, AO)
\bibhang=\skip44
\bibsep=\skip45
LaTeX Info: Redefining \cite on input line 694.
\c@NAT@ctr=\count94
)
Class revtex4-1 Info: Repairing natbib's \BibitemShut on input line 7549.

(/usr/local/texlive/2011/texmf-dist/tex/latex/revtex/revsymb4-1.sty
Package: revsymb4-1 2010/07/25/20:33:00 4.1r (http://publish.aps.org/revtex4/ f
or documentation)
LaTeX Info: Redefining \REV@mathfrak on input line 119.
))
(/usr/local/texlive/2011/texmf-dist/tex/latex/hyperref/hyperref.sty
Package: hyperref 2011/04/17 v6.82g Hypertext links for LaTeX

(/usr/local/texlive/2011/texmf-dist/tex/generic/oberdiek/hobsub-hyperref.sty
Package: hobsub-hyperref 2011/04/23 v1.4 Bundle oberdiek, subset hyperref (HO)

(/usr/local/texlive/2011/texmf-dist/tex/generic/oberdiek/hobsub-generic.sty
Package: hobsub-generic 2011/04/23 v1.4 Bundle oberdiek, subset generic (HO)
Package: hobsub 2011/04/23 v1.4 Subsetting bundle oberdiek (HO)
Package: infwarerr 2010/04/08 v1.3 Providing info/warning/message (HO)
Package: ltxcmds 2011/04/18 v1.20 LaTeX kernel commands for general use (HO)
Package: ifluatex 2010/03/01 v1.3 Provides the ifluatex switch (HO)
Package ifluatex Info: LuaTeX not detected.
Package: ifvtex 2010/03/01 v1.5 Switches for detecting VTeX and its modes (HO)
Package ifvtex Info: VTeX not detected.
Package: intcalc 2007/09/27 v1.1 Expandable integer calculations (HO)
Package: ifpdf 2011/01/30 v2.3 Provides the ifpdf switch (HO)
Package ifpdf Info: pdfTeX in PDF mode is detected.
Package: etexcmds 2011/02/16 v1.5 Prefix for e-TeX command names (HO)
Package etexcmds Info: Could not find \expanded.
(etexcmds)             That can mean that you are not using pdfTeX 1.50 or
(etexcmds)             that some package has redefined \expanded.
(etexcmds)             In the latter case, load this package earlier.
Package: kvsetkeys 2011/04/07 v1.13 Key value parser (HO)
Package: kvdefinekeys 2011/04/07 v1.3 Defining keys (HO)
Package: pdftexcmds 2011/04/22 v0.16 Utilities of pdfTeX for LuaTeX (HO)
Package pdftexcmds Info: LuaTeX not detected.
Package pdftexcmds Info: \pdf@primitive is available.
Package pdftexcmds Info: \pdf@ifprimitive is available.
Package pdftexcmds Info: \pdfdraftmode found.
Package: pdfescape 2011/04/04 v1.12 Provides string conversions (HO)
Package: bigintcalc 2011/01/30 v1.2 Expandable big integer calculations (HO)
Package: bitset 2011/01/30 v1.1 Data type bit set (HO)
Package: uniquecounter 2011/01/30 v1.2 Provides unlimited unique counter (HO)
)
Package hobsub Info: Skipping package `hobsub' (already loaded).
Package: letltxmacro 2010/09/02 v1.4 Let assignment for LaTeX macros (HO)
Package: hopatch 2011/01/30 v1.0 Wrapper for package hooks (HO)
Package: xcolor-patch 2011/01/30 xcolor patch
Package: atveryend 2011/04/23 v1.7 Hooks at very end of document (HO)
Package: atbegshi 2011/01/30 v1.15 At begin shipout hook (HO)
Package: refcount 2010/12/01 v3.2 Data extraction from references (HO)
Package: hycolor 2011/01/30 v1.7 Color options of hyperref/bookmark (HO)
)
(/usr/local/texlive/2011/texmf-dist/tex/latex/graphics/keyval.sty
Package: keyval 1999/03/16 v1.13 key=value parser (DPC)
\KV@toks@=\toks16
)
(/usr/local/texlive/2011/texmf-dist/tex/generic/ifxetex/ifxetex.sty
Package: ifxetex 2010/09/12 v0.6 Provides ifxetex conditional
)
(/usr/local/texlive/2011/texmf-dist/tex/latex/oberdiek/kvoptions.sty
Package: kvoptions 2010/12/23 v3.10 Keyval support for LaTeX options (HO)
)
\@linkdim=\dimen102
\Hy@linkcounter=\count95
\Hy@pagecounter=\count96

(/usr/local/texlive/2011/texmf-dist/tex/latex/hyperref/pd1enc.def
File: pd1enc.def 2011/04/17 v6.82g Hyperref: PDFDocEncoding definition (HO)
)
\Hy@SavedSpaceFactor=\count97

(/usr/local/texlive/2011/texmf-dist/tex/latex/latexconfig/hyperref.cfg
File: hyperref.cfg 2002/06/06 v1.2 hyperref configuration of TeXLive
)
Package hyperref Info: Hyper figures OFF on input line 4026.
Package hyperref Info: Link nesting OFF on input line 4031.
Package hyperref Info: Hyper index ON on input line 4034.
Package hyperref Info: Plain pages OFF on input line 4041.
Package hyperref Info: Backreferencing OFF on input line 4046.
Package hyperref Info: Implicit mode ON; LaTeX internals redefined.
Package hyperref Info: Bookmarks ON on input line 4264.
LaTeX Info: Redefining \href on input line 4528.
\c@Hy@tempcnt=\count98
LaTeX Info: Redefining \url on input line 4617.
\Fld@menulength=\count99
\Field@Width=\dimen103
\Fld@charsize=\dimen104
Package hyperref Info: Hyper figures OFF on input line 5701.
Package hyperref Info: Link nesting OFF on input line 5706.
Package hyperref Info: Hyper index ON on input line 5709.
Package hyperref Info: backreferencing OFF on input line 5716.
Package hyperref Info: Link coloring OFF on input line 5721.
Package hyperref Info: Link coloring with OCG OFF on input line 5726.
Package hyperref Info: PDF/A mode OFF on input line 5731.
LaTeX Info: Redefining \ref on input line 5771.
LaTeX Info: Redefining \pageref on input line 5775.
\Hy@abspage=\count100
\c@Item=\count101
\c@Hfootnote=\count102
)

Package hyperref Message: Driver (autodetected): hpdftex.

(/usr/local/texlive/2011/texmf-dist/tex/latex/hyperref/hpdftex.def
File: hpdftex.def 2011/04/17 v6.82g Hyperref driver for pdfTeX
\Fld@listcount=\count103
\c@bookmark@seq@number=\count104

(/usr/local/texlive/2011/texmf-dist/tex/latex/oberdiek/rerunfilecheck.sty
Package: rerunfilecheck 2011/04/15 v1.7 Rerun checks for auxiliary files (HO)
Package uniquecounter Info: New unique counter `rerunfilecheck' on input line 2
82.
)
\Hy@SectionHShift=\skip46
)
(/usr/local/texlive/2011/texmf-dist/tex/latex/tools/verbatim.sty
Package: verbatim 2003/08/22 v1.5q LaTeX2e package for verbatim enhancements
\every@verbatim=\toks17
\verbatim@line=\toks18
\verbatim@in@stream=\read1
)
(/usr/local/texlive/2011/texmf-dist/tex/latex/caption/caption.sty
Package: caption 2010/01/09 v3.1m Customizing captions (AR)

(/usr/local/texlive/2011/texmf-dist/tex/latex/caption/caption3.sty
Package: caption3 2010/01/14 v3.1m caption3 kernel (AR)
\captionmargin=\dimen105
\captionmargin@=\dimen106
\captionwidth=\dimen107
\caption@indent=\dimen108
\caption@parindent=\dimen109
\caption@hangindent=\dimen110
Package caption Info: Unknown document class (or package),
(caption)             standard defaults will be used on input line 1084.
)

Package caption Warning: Unsupported document class (or package) detected,
(caption)                usage of the caption package is not recommended.
See the caption package documentation for explanation.

Package caption Info: \@makecaption = \long macro:#1#2->\par \vskip \abovecapti
onskip \begingroup \small \rmfamily \sbox \@tempboxa {\let \\\heading@cr \@make
@capt@title {#1}{#2}}\@ifdim {\wd \@tempboxa >\hsize }{\begingroup \samepage \f
lushing \let \footnote \@footnotemark@gobble \@make@capt@title {#1}{#2}\par \en
dgroup }{\global \@minipagefalse \hb@xt@ \hsize {\hfil \unhbox \@tempboxa \hfil
 }}\endgroup \vskip \belowcaptionskip .
\c@ContinuedFloat=\count105
Package caption Info: hyperref package is loaded.
) (/usr/local/texlive/2011/texmf-dist/tex/latex/mh/mathtools.sty
Package: mathtools 2011/02/12 v1.10 mathematical typesetting tools

(/usr/local/texlive/2011/texmf-dist/tex/latex/tools/calc.sty
Package: calc 2007/08/22 v4.3 Infix arithmetic (KKT,FJ)
\calc@Acount=\count106
\calc@Bcount=\count107
\calc@Adimen=\dimen111
\calc@Bdimen=\dimen112
\calc@Askip=\skip47
\calc@Bskip=\skip48
LaTeX Info: Redefining \setlength on input line 76.
LaTeX Info: Redefining \addtolength on input line 77.
\calc@Ccount=\count108
\calc@Cskip=\skip49
)
(/usr/local/texlive/2011/texmf-dist/tex/latex/mh/mhsetup.sty
Package: mhsetup 2010/01/21 v1.2a programming setup (MH)
)
(/usr/local/texlive/2011/texmf-dist/tex/latex/amsmath/amsmath.sty
Package: amsmath 2000/07/18 v2.13 AMS math features
\@mathmargin=\skip50

For additional information on amsmath, use the `?' option.
(/usr/local/texlive/2011/texmf-dist/tex/latex/amsmath/amstext.sty
Package: amstext 2000/06/29 v2.01

(/usr/local/texlive/2011/texmf-dist/tex/latex/amsmath/amsgen.sty
File: amsgen.sty 1999/11/30 v2.0
\@emptytoks=\toks19
\ex@=\dimen113
)
LaTeX Info: Redefining \text on input line 53.
)
(/usr/local/texlive/2011/texmf-dist/tex/latex/amsmath/amsbsy.sty
Package: amsbsy 1999/11/29 v1.2d
\pmbraise@=\dimen114
)
(/usr/local/texlive/2011/texmf-dist/tex/latex/amsmath/amsopn.sty
Package: amsopn 1999/12/14 v2.01 operator names
)
\inf@bad=\count109
LaTeX Info: Redefining \frac on input line 211.
\uproot@=\count110
\leftroot@=\count111
LaTeX Info: Redefining \overline on input line 307.
\classnum@=\count112
\DOTSCASE@=\count113
LaTeX Info: Redefining \ldots on input line 379.
LaTeX Info: Redefining \dots on input line 382.
LaTeX Info: Redefining \cdots on input line 467.
\Mathstrutbox@=\box41
\strutbox@=\box42
\big@size=\dimen115
LaTeX Font Info:    Redeclaring font encoding OML on input line 567.
LaTeX Font Info:    Redeclaring font encoding OMS on input line 568.
\macc@depth=\count114
\c@MaxMatrixCols=\count115
\dotsspace@=\muskip11
\c@parentequation=\count116
\dspbrk@lvl=\count117
\tag@help=\toks20
\row@=\count118
\column@=\count119
\maxfields@=\count120
\andhelp@=\toks21
\eqnshift@=\dimen116
\alignsep@=\dimen117
\tagshift@=\dimen118
\tagwidth@=\dimen119
\totwidth@=\dimen120
\lineht@=\dimen121
\@envbody=\toks22
\multlinegap=\skip51
\multlinetaggap=\skip52
\mathdisplay@stack=\toks23
LaTeX Info: Redefining \[ on input line 2666.
LaTeX Info: Redefining \] on input line 2667.
)
\g_MT_multlinerow_int=\count121
\l_MT_multwidth_dim=\dimen122
\origjot=\skip53
\l_MT_shortvdotswithinadjustabove_dim=\dimen123
\l_MT_shortvdotswithinadjustbelow_dim=\dimen124
)
(/usr/local/texlive/2011/texmf-dist/tex/latex/relsize/relsize.sty
Package: relsize 2003/07/04 ver 3.1
)
(/usr/local/texlive/2011/texmf-dist/tex/latex/graphics/graphicx.sty
Package: graphicx 1999/02/16 v1.0f Enhanced LaTeX Graphics (DPC,SPQR)

(/usr/local/texlive/2011/texmf-dist/tex/latex/graphics/graphics.sty
Package: graphics 2009/02/05 v1.0o Standard LaTeX Graphics (DPC,SPQR)

(/usr/local/texlive/2011/texmf-dist/tex/latex/graphics/trig.sty
Package: trig 1999/03/16 v1.09 sin cos tan (DPC)
)
(/usr/local/texlive/2011/texmf-dist/tex/latex/latexconfig/graphics.cfg
File: graphics.cfg 2010/04/23 v1.9 graphics configuration of TeX Live
)
Package graphics Info: Driver file: pdftex.def on input line 91.

(/usr/local/texlive/2011/texmf-dist/tex/latex/pdftex-def/pdftex.def
File: pdftex.def 2011/05/27 v0.06d Graphics/color for pdfTeX
\Gread@gobject=\count122
))
\Gin@req@height=\dimen125
\Gin@req@width=\dimen126
)
(/usr/local/texlive/2011/texmf-dist/tex/latex/floatrow/floatrow.sty
Package: floatrow 2008/08/02 v0.3b floatrow: float package extension
\c@float@type=\count123
\float@exts=\toks24
\float@box=\box43
\@floatcapt=\box44
Package floatrow Info: Modified float package code loaded on input line 455.
Package floatrow Info: Modified rotfloat package code loaded on input line 473.

\FR@everyfloat=\toks25
\flrow@foot=\insert233
\FB@wd=\dimen127
\FBo@wd=\dimen128
\FBc@wd=\dimen129
\FBo@ht=\skip54
\FBc@ht=\skip55
\FBf@ht=\skip56
\FBo@max=\skip57
\FBc@max=\skip58
\FBf@max=\skip59
\c@FBl@b=\count124
\floatbox@depth=\count125
\c@FRobj=\count126
\c@FRsobj=\count127
\Xhsize=\skip60
\sXhsize=\skip61
\Zhsize=\skip62
\sZhsize=\skip63
\flrow@rowbox=\box45
\FR@Zunitlength=\dimen130
\c@FBcnt=\count128
\FPOScnt=\count129
\LTleft=\skip64
\LTright=\skip65
\LTleft=\skip66
\LTright=\skip67
\flrow@types=\toks26
)
(/usr/local/texlive/2011/texmf-dist/tex/latex/amsfonts/amssymb.sty
Package: amssymb 2009/06/22 v3.00

(/usr/local/texlive/2011/texmf-dist/tex/latex/amsfonts/amsfonts.sty
Package: amsfonts 2009/06/22 v3.00 Basic AMSFonts support
\symAMSa=\mathgroup4
\symAMSb=\mathgroup5
LaTeX Font Info:    Overwriting math alphabet `\mathfrak' in version `bold'
(Font)                  U/euf/m/n --> U/euf/b/n on input line 96.
LaTeX Info: Redefining \frak on input line 99.
LaTeX Info: Redefining \Bbb on input line 101.
))
(/usr/local/texlive/2011/texmf-dist/tex/latex/rotating/rotating.sty
Package: rotating 2009/03/28 v2.16a rotated objects in LaTeX

(/usr/local/texlive/2011/texmf-dist/tex/latex/base/ifthen.sty
Package: ifthen 2001/05/26 v1.1c Standard LaTeX ifthen package (DPC)
)
\c@r@tfl@t=\count130
\rotFPtop=\skip68
\rotFPbot=\skip69
\rot@float@box=\box46
\rot@mess@toks=\toks27
)
(/usr/local/texlive/2011/texmf-dist/tex/latex/tools/afterpage.sty
Package: afterpage 1995/10/27 v1.08 After-Page Package (DPC)
\AP@output=\toks28
\AP@partial=\box47
\AP@footins=\box48
)
(/usr/local/texlive/2011/texmf-dist/tex/latex/geometry/geometry.sty
Package: geometry 2010/09/12 v5.6 Page Geometry
\Gm@cnth=\count131
\Gm@cntv=\count132
\c@Gm@tempcnt=\count133
\Gm@bindingoffset=\dimen131
\Gm@wd@mp=\dimen132
\Gm@odd@mp=\dimen133
\Gm@even@mp=\dimen134
\Gm@layoutwidth=\dimen135
\Gm@layoutheight=\dimen136
\Gm@layouthoffset=\dimen137
\Gm@layoutvoffset=\dimen138
\Gm@dimlist=\toks29
)
(/usr/local/texlive/2011/texmf-dist/tex/latex/titlesec/titlesec.sty
Package: titlesec 2007/08/12 v2.8 Sectioning titles
\ttl@box=\box49
\beforetitleunit=\skip70
\aftertitleunit=\skip71
\ttl@plus=\dimen139
\ttl@minus=\dimen140
\ttl@toksa=\toks30
\titlewidth=\dimen141
\titlewidthlast=\dimen142
\titlewidthfirst=\dimen143
)
(/usr/local/texlive/2011/texmf-dist/tex/latex/oberdiek/epstopdf.sty
Package: epstopdf 2010/02/09 v2.5 Conversion with epstopdf on the fly (HO)

(/usr/local/texlive/2011/texmf-dist/tex/latex/oberdiek/epstopdf-base.sty
Package: epstopdf-base 2010/02/09 v2.5 Base part for package epstopdf

(/usr/local/texlive/2011/texmf-dist/tex/latex/oberdiek/grfext.sty
Package: grfext 2010/08/19 v1.1 Managing graphics extensions (HO)
)
Package grfext Info: Graphics extension search list:
(grfext)             [.png,.pdf,.jpg,.mps,.jpeg,.jbig2,.jb2,.PNG,.PDF,.JPG,.JPE
G,.JBIG2,.JB2,.eps]
(grfext)             \AppendGraphicsExtensions on input line 452.

(/usr/local/texlive/2011/texmf-dist/tex/latex/latexconfig/epstopdf-sys.cfg
File: epstopdf-sys.cfg 2010/07/13 v1.3 Configuration of (r)epstopdf for TeX Liv
e
)))
(/usr/local/texlive/2011/texmf-dist/tex/latex/base/latexsym.sty
Package: latexsym 1998/08/17 v2.2e Standard LaTeX package (lasy symbols)
\symlasy=\mathgroup6
LaTeX Font Info:    Overwriting symbol font `lasy' in version `bold'
(Font)                  U/lasy/m/n --> U/lasy/b/n on input line 47.
)
(/usr/local/texlive/2011/texmf-dist/tex/latex/graphics/color.sty
Package: color 2005/11/14 v1.0j Standard LaTeX Color (DPC)

(/usr/local/texlive/2011/texmf-dist/tex/latex/latexconfig/color.cfg
File: color.cfg 2007/01/18 v1.5 color configuration of teTeX/TeXLive
)
Package color Info: Driver file: pdftex.def on input line 130.
)
(/usr/local/texlive/2011/texmf-dist/tex/latex/tools/array.sty
Package: array 2008/09/09 v2.4c Tabular extension package (FMi)
\col@sep=\dimen144
\extrarowheight=\dimen145
\NC@list=\toks31
\extratabsurround=\skip72
\backup@length=\skip73
)
(/usr/local/texlive/2011/texmf-dist/tex/latex/multirow/multirow.sty
\bigstrutjot=\dimen146
)
(/usr/local/texlive/2011/texmf-dist/tex/latex/wasysym/wasysym.sty
Package: wasysym 2003/10/30 v2.0 Wasy-2 symbol support package
\symwasy=\mathgroup7
LaTeX Font Info:    Overwriting symbol font `wasy' in version `bold'
(Font)                  U/wasy/m/n --> U/wasy/b/n on input line 90.
)
(/usr/local/texlive/2011/texmf-dist/tex/latex/subfig/subfig.sty
Package: subfig 2005/06/28 ver: 1.3 subfig package
\c@KVtest=\count134
\sf@farskip=\skip74
\sf@captopadj=\dimen147
\sf@capskip=\skip75
\sf@nearskip=\skip76
\c@subfigure=\count135
\c@subfigure@save=\count136
\c@lofdepth=\count137
\c@subtable=\count138
\c@subtable@save=\count139
\c@lotdepth=\count140
\sf@top=\skip77
\sf@bottom=\skip78
)

Package hyperref Warning: Option `bookmarks' has already been used,
(hyperref)                setting the option has no effect on input line 59.

Package hyperref Info: Option `unicode' set `false' on input line 59.
Package hyperref Info: Option `pdftoolbar' set `true' on input line 59.
Package hyperref Info: Option `pdfmenubar' set `true' on input line 59.
Package hyperref Info: Option `pdffitwindow' set `false' on input line 59.
Package hyperref Info: Option `pdfnewwindow' set `true' on input line 59.
Package hyperref Info: Option `colorlinks' set `true' on input line 59.
(/usr/local/texlive/2011/texmf-dist/tex/latex/titlesec/block.tss
File: block.tss 2007/08/12
)
Class revtex4-1 Info: Patching array package. on input line 83.


Class revtex4-1 Warning: Failed to patch the float package.

Class revtex4-1 Info: Robustifying \LaTeX's \boldmath command on input line 83.

Class revtex4-1 Info: cite was not loaded (OK!) on input line 83.
Class revtex4-1 Info: mcite was not loaded (OK!) on input line 83.
Class revtex4-1 Info: multicol was not loaded (OK!) on input line 83.
(./Tritium.aux

LaTeX Warning: Label `fig:Removal' multiply defined.


LaTeX Warning: Label `fig:Density' multiply defined.

)
\openout1 = `Tritium.aux'.

LaTeX Font Info:    Checking defaults for OML/cmm/m/it on input line 83.
LaTeX Font Info:    ... okay on input line 83.
LaTeX Font Info:    Checking defaults for T1/cmr/m/n on input line 83.
LaTeX Font Info:    ... okay on input line 83.
LaTeX Font Info:    Checking defaults for OT1/cmr/m/n on input line 83.
LaTeX Font Info:    ... okay on input line 83.
LaTeX Font Info:    Checking defaults for OMS/cmsy/m/n on input line 83.
LaTeX Font Info:    ... okay on input line 83.
LaTeX Font Info:    Checking defaults for OMX/cmex/m/n on input line 83.
LaTeX Font Info:    ... okay on input line 83.
LaTeX Font Info:    Checking defaults for U/cmr/m/n on input line 83.
LaTeX Font Info:    ... okay on input line 83.
LaTeX Font Info:    Checking defaults for PD1/pdf/m/n on input line 83.
LaTeX Font Info:    ... okay on input line 83.
\AtBeginShipoutBox=\box50
Package hyperref Info: Link coloring ON on input line 83.
 (/usr/local/texlive/2011/texmf-dist/tex/latex/hyperref/nameref.sty
Package: nameref 2010/04/30 v2.40 Cross-referencing by name of section

(/usr/local/texlive/2011/texmf-dist/tex/generic/oberdiek/gettitlestring.sty
Package: gettitlestring 2010/12/03 v1.4 Cleanup title references (HO)
)
\c@section@level=\count141
)
LaTeX Info: Redefining \ref on input line 83.
LaTeX Info: Redefining \pageref on input line 83.
LaTeX Info: Redefining \nameref on input line 83.

(./Tritium.out) (./Tritium.out)
\@outlinefile=\write4
\openout4 = `Tritium.out'.

Package caption Info: Begin \AtBeginDocument code.
Package caption3 Info: subfig package 1.2 or 1.3 is loaded.
LaTeX Info: Redefining \subref on input line 83.
Package caption Info: float package is loaded.
Package caption Info: floatrow package is loaded.
Package caption Info: rotating package is loaded.
Package caption Info: End \AtBeginDocument code.

(/usr/local/texlive/2011/texmf-dist/tex/context/base/supp-pdf.mkii
[Loading MPS to PDF converter (version 2006.09.02).]
\scratchcounter=\count142
\scratchdimen=\dimen148
\scratchbox=\box51
\nofMPsegments=\count143
\nofMParguments=\count144
\everyMPshowfont=\toks32
\MPscratchCnt=\count145
\MPscratchDim=\dimen149
\MPnumerator=\count146
\makeMPintoPDFobject=\count147
\everyMPtoPDFconversion=\toks33
) (/usr/local/texlive/2011/texmf-dist/tex/latex/floatrow/fr-subfig.sty
Package: fr-subfig 2007/12/24 v0.1g (beta) floatrow: additions for subfig
\FBsc@max=\skip79
\FBso@max=\skip80
)
*geometry* driver: auto-detecting
*geometry* detected driver: pdftex
*geometry* verbose mode - [ preamble ] result:
* driver: pdftex
* paper: <default>
* layout: <same size as paper>
* layoutoffset:(h,v)=(0.0pt,0.0pt)
* modes: 
* h-part:(L,W,R)=(92.14519pt, 430.00462pt, 92.14519pt)
* v-part:(T,H,B)=(95.39737pt, 556.47656pt, 143.09605pt)
* \paperwidth=614.295pt
* \paperheight=794.96999pt
* \textwidth=556.47711pt
* \textheight=556.47656pt
* \oddsidemargin=-43.36104pt
* \evensidemargin=-43.36104pt
* \topmargin=-17.87262pt
* \headheight=25.0pt
* \headsep=16.0pt
* \topskip=10.0pt
* \footskip=30.0pt
* \marginparwidth=30.0pt
* \marginparsep=6.0pt
* \columnsep=18.0pt
* \skip\footins=39.0pt plus 4.0pt minus 12.0pt
* \hoffset=0.0pt
* \voffset=0.0pt
* \mag=1000
* \@twocolumnfalse
* \@twosidefalse
* \@mparswitchfalse
* \@reversemarginfalse
* (1in=72.27pt=25.4mm, 1cm=28.453pt)

Class revtex4-1 Info: Taking \maketitle back from hyperref on input line 83.
\openout3 = `TritiumNotes.bib'.

(./Abstract.tex)
LaTeX Font Info:    Try loading font information for U+msa on input line 431.
 (/usr/local/texlive/2011/texmf-dist/tex/latex/amsfonts/umsa.fd
File: umsa.fd 2009/06/22 v3.00 AMS symbols A
)
LaTeX Font Info:    Try loading font information for U+msb on input line 431.
 (/usr/local/texlive/2011/texmf-dist/tex/latex/amsfonts/umsb.fd
File: umsb.fd 2009/06/22 v3.00 AMS symbols B
)
LaTeX Font Info:    Try loading font information for U+lasy on input line 431.

(/usr/local/texlive/2011/texmf-dist/tex/latex/base/ulasy.fd
File: ulasy.fd 1998/08/17 v2.2e LaTeX symbol font definitions
)
LaTeX Font Info:    Try loading font information for U+wasy on input line 431.

(/usr/local/texlive/2011/texmf-dist/tex/latex/wasysym/uwasy.fd
File: uwasy.fd 2003/10/30 v2.0 Wasy-2 symbol font definitions
)
(./Introduction.tex [1{/usr/local/texlive/2011/texmf-var/fonts/map/pdftex/updma
p/pdftex.map}]

LaTeX Warning: Reference `sec:development' on page 2 undefined on input line 17
.


LaTeX Warning: Reference `sec:analysis' on page 2 undefined on input line 17.

) (./SectionTwo.tex
Package epstopdf Info: Source file: <TimeHisto_Analog2.eps>
(epstopdf)                    date: 2014-06-17 10:36:06
(epstopdf)                    size: 28979 bytes
(epstopdf)             Output file: <TimeHisto_Analog2-eps-converted-to.pdf>
(epstopdf)                    date: 2014-06-17 11:09:23
(epstopdf)                    size: 25100 bytes
(epstopdf)             Command: <epstopdf --outfile=TimeHisto_Analog2-eps-conve
rted-to.pdf TimeHisto_Analog2.eps>
(epstopdf)             \includegraphics on input line 9.
Package epstopdf Info: Output file is already uptodate.

<TimeHisto_Analog2-eps-converted-to.pdf, id=91, 646.415pt x 424.58624pt>
File: TimeHisto_Analog2-eps-converted-to.pdf Graphic file (type pdf)

<use TimeHisto_Analog2-eps-converted-to.pdf>
Package pdftex.def Info: TimeHisto_Analog2-eps-converted-to.pdf used on input l
ine 9.
(pdftex.def)             Requested size: 227.62204pt x 149.50793pt.


LaTeX Warning: `!h' float specifier changed to `!ht'.

[2]

LaTeX Warning: A float is stuck (cannot be placed); try class option [floatfix]
 on input line 20.

Package epstopdf Info: Source file: <CH3T_PE_cold.eps>
(epstopdf)                    date: 2014-06-17 10:36:05
(epstopdf)                    size: 117917 bytes
(epstopdf)             Output file: <CH3T_PE_cold-eps-converted-to.pdf>
(epstopdf)                    date: 2014-06-17 11:09:24
(epstopdf)                    size: 48731 bytes
(epstopdf)             Command: <epstopdf --outfile=CH3T_PE_cold-eps-converted-
to.pdf CH3T_PE_cold.eps>
(epstopdf)             \includegraphics on input line 35.
Package epstopdf Info: Output file is already uptodate.
<CH3T_PE_cold-eps-converted-to.pdf, id=109, 563.10374pt x 370.38374pt>
File: CH3T_PE_cold-eps-converted-to.pdf Graphic file (type pdf)

<use CH3T_PE_cold-eps-converted-to.pdf>
Package pdftex.def Info: CH3T_PE_cold-eps-converted-to.pdf used on input line 3
5.
(pdftex.def)             Requested size: 242.31305pt x 159.38058pt.


LaTeX Warning: `!h' float specifier changed to `!ht'.

LaTeX Font Info:    Try loading font information for OML+cmr on input line 44.
(/usr/local/texlive/2011/texmf-dist/tex/latex/base/omlcmr.fd
File: omlcmr.fd 1999/05/25 v2.5h Standard LaTeX font definitions
)
LaTeX Font Info:    Font shape `OML/cmr/m/n' in size <10> not available
(Font)              Font shape `OML/cmm/m/it' tried instead on input line 44.
 [3 <./TimeHisto_Analog2-eps-converted-to.pdf>]

LaTeX Warning: A float is stuck (cannot be placed); try class option [floatfix]
 on input line 45.

Package epstopdf Info: Source file: <tau_G_var_CH3T.eps>
(epstopdf)                    date: 2014-06-17 10:36:06
(epstopdf)                    size: 141554 bytes
(epstopdf)             Output file: <tau_G_var_CH3T-eps-converted-to.pdf>
(epstopdf)                    date: 2014-06-17 11:09:24
(epstopdf)                    size: 70814 bytes
(epstopdf)             Command: <epstopdf --outfile=tau_G_var_CH3T-eps-converte
d-to.pdf tau_G_var_CH3T.eps>
(epstopdf)             \includegraphics on input line 48.
Package epstopdf Info: Output file is already uptodate.
<tau_G_var_CH3T-eps-converted-to.pdf, id=124, 562.1pt x 424.58624pt>
File: tau_G_var_CH3T-eps-converted-to.pdf Graphic file (type pdf)

<use tau_G_var_CH3T-eps-converted-to.pdf>
Package pdftex.def Info: tau_G_var_CH3T-eps-converted-to.pdf used on input line
 48.
(pdftex.def)             Requested size: 255.7758pt x 193.2pt.


LaTeX Warning: `!h' float specifier changed to `!ht'.

<TritiumPlumbing.png, id=125, 962.84718pt x 449.42906pt>
File: TritiumPlumbing.png Graphic file (type png)

<use TritiumPlumbing.png>
Package pdftex.def Info: TritiumPlumbing.png used on input line 67.
(pdftex.def)             Requested size: 227.62204pt x 106.24675pt.
 [4 <./CH3T_PE_cold-eps-converted-to.pdf> <./tau_G_var_CH3T-eps-converted-to.pd
f>]

LaTeX Warning: Characters dropped after `\end{comment}' on input line 108.

) (./Tritium_Results_Section.tex

LaTeX Warning: Characters dropped after `\end{comment}' on input line 7.

Package epstopdf Info: Source file: <July_CH4_wOG.eps>
(epstopdf)                    date: 2014-06-17 11:34:43
(epstopdf)                    size: 16262 bytes
(epstopdf)             Output file: <July_CH4_wOG-eps-converted-to.pdf>
(epstopdf)                    date: 2014-06-17 11:34:53
(epstopdf)                    size: 11631 bytes
(epstopdf)             Command: <epstopdf --outfile=July_CH4_wOG-eps-converted-
to.pdf July_CH4_wOG.eps>
(epstopdf)             \includegraphics on input line 22.
Package epstopdf Info: Output file is already uptodate.
<July_CH4_wOG-eps-converted-to.pdf, id=152, 649.42625pt x 484.81125pt>
File: July_CH4_wOG-eps-converted-to.pdf Graphic file (type pdf)

<use July_CH4_wOG-eps-converted-to.pdf>
Package pdftex.def Info: July_CH4_wOG-eps-converted-to.pdf used on input line 2
2.
(pdftex.def)             Requested size: 227.62204pt x 169.9232pt.


LaTeX Warning: `!h' float specifier changed to `!ht'.


LaTeX Warning: Reference `fig:Removal_Methane' on page 5 undefined on input lin
e 27.

Package epstopdf Info: Source file: <Calibration_length.eps>
(epstopdf)                    date: 2014-06-17 10:36:05
(epstopdf)                    size: 10945 bytes
(epstopdf)             Output file: <Calibration_length-eps-converted-to.pdf>
(epstopdf)                    date: 2014-06-17 11:09:25
(epstopdf)                    size: 6967 bytes
(epstopdf)             Command: <epstopdf --outfile=Calibration_length-eps-conv
erted-to.pdf Calibration_length.eps>
(epstopdf)             \includegraphics on input line 31.
Package epstopdf Info: Output file is already uptodate.
<Calibration_length-eps-converted-to.pdf, id=154, 656.4525pt x 294.09875pt>
File: Calibration_length-eps-converted-to.pdf Graphic file (type pdf)

<use Calibration_length-eps-converted-to.pdf>
Package pdftex.def Info: Calibration_length-eps-converted-to.pdf used on input 
line 31.
(pdftex.def)             Requested size: 255.7758pt x 114.59035pt.


LaTeX Warning: `!h' float specifier changed to `!ht'.

Package epstopdf Info: Source file: <CH3T_Rate_fid_150_Run03_Tritium_Rate.eps>
(epstopdf)                    date: 2014-06-17 10:36:05
(epstopdf)                    size: 30074 bytes
(epstopdf)             Output file: <CH3T_Rate_fid_150_Run03_Tritium_Rate-eps-c
onverted-to.pdf>
(epstopdf)                    date: 2014-06-17 11:09:25
(epstopdf)                    size: 29470 bytes
(epstopdf)             Command: <epstopdf --outfile=CH3T_Rate_fid_150_Run03_Tri
tium_Rate-eps-converted-to.pdf CH3T_Rate_fid_150_Run03_Tritium_Rate.eps>
(epstopdf)             \includegraphics on input line 37.
Package epstopdf Info: Output file is already uptodate.

<CH3T_Rate_fid_150_Run03_Tritium_Rate-eps-converted-to.pdf, id=155, 561.09625pt
 x 421.575pt>
File: CH3T_Rate_fid_150_Run03_Tritium_Rate-eps-converted-to.pdf Graphic file (t
ype pdf)
 <use CH3T_Rate_fid_150_Run03_Tritium_Rate-eps-converted-to.pdf>
Package pdftex.def Info: CH3T_Rate_fid_150_Run03_Tritium_Rate-eps-converted-to.
pdf used on input line 37.
(pdftex.def)             Requested size: 227.62204pt x 171.01997pt.


LaTeX Warning: `!h' float specifier changed to `!ht'.

[5 <./TritiumPlumbing.png>]

LaTeX Warning: A float is stuck (cannot be placed); try class option [floatfix]
 on input line 49.

Package epstopdf Info: Source file: <CH3T_RZ_scatter_lux10_20130812T1546.eps>
(epstopdf)                    date: 2014-06-17 10:36:05
(epstopdf)                    size: 128068 bytes
(epstopdf)             Output file: <CH3T_RZ_scatter_lux10_20130812T1546-eps-co
nverted-to.pdf>
(epstopdf)                    date: 2014-06-17 10:36:05
(epstopdf)                    size: 360070 bytes
(epstopdf)             Command: <epstopdf --outfile=CH3T_RZ_scatter_lux10_20130
812T1546-eps-converted-to.pdf CH3T_RZ_scatter_lux10_20130812T1546.eps>
(epstopdf)             \includegraphics on input line 51.
Package epstopdf Info: Output file is already uptodate.

<CH3T_RZ_scatter_lux10_20130812T1546-eps-converted-to.pdf, id=168, 414.54875pt 
x 410.53375pt>
File: CH3T_RZ_scatter_lux10_20130812T1546-eps-converted-to.pdf Graphic file (ty
pe pdf)
 <use CH3T_RZ_scatter_lux10_20130812T1546-eps-converted-to.pdf>
Package pdftex.def Info: CH3T_RZ_scatter_lux10_20130812T1546-eps-converted-to.p
df used on input line 51.
(pdftex.def)             Requested size: 227.62204pt x 225.41214pt.


LaTeX Warning: `!h' float specifier changed to `!ht'.

[6 <./July_CH4_wOG-eps-converted-to.pdf> <./Calibration_length-eps-converted-to
.pdf> <./CH3T_Rate_fid_150_Run03_Tritium_Rate-eps-converted-to.pdf>]

LaTeX Warning: A float is stuck (cannot be placed); try class option [floatfix]
 on input line 87.


<CH3T_fid_50_2_Dec_Tritium_Approval_Plots.png, id=211, 560.99588pt x 420.97275p
t>
File: CH3T_fid_50_2_Dec_Tritium_Approval_Plots.png Graphic file (type png)
 <use CH3T_fid_50_2_Dec_Tritium_Approval_Plots.png>
Package pdftex.def Info: CH3T_fid_50_2_Dec_Tritium_Approval_Plots.png used on i
nput line 92.
(pdftex.def)             Requested size: 284.52756pt x 213.51775pt.

Overfull \hbox (15.289pt too wide) in paragraph at lines 92--93
 [][] 
 []


LaTeX Warning: `!h' float specifier changed to `!ht'.

Package epstopdf Info: Source file: <CH3T_Leakage_fid_50_Dec_Tritium_Approval_P
lots_2.eps>
(epstopdf)                    date: 2014-06-17 10:36:05
(epstopdf)                    size: 17714 bytes
(epstopdf)             Output file: <CH3T_Leakage_fid_50_Dec_Tritium_Approval_P
lots_2-eps-converted-to.pdf>
(epstopdf)                    date: 2014-06-17 11:09:26
(epstopdf)                    size: 13407 bytes
(epstopdf)             Command: <epstopdf --outfile=CH3T_Leakage_fid_50_Dec_Tri
tium_Approval_Plots_2-eps-converted-to.pdf CH3T_Leakage_fid_50_Dec_Tritium_Appr
oval_Plots_2.eps>
(epstopdf)             \includegraphics on input line 98.
Package epstopdf Info: Output file is already uptodate.

<CH3T_Leakage_fid_50_Dec_Tritium_Approval_Plots_2-eps-converted-to.pdf, id=213,
 646.415pt x 503.8825pt>
File: CH3T_Leakage_fid_50_Dec_Tritium_Approval_Plots_2-eps-converted-to.pdf Gra
phic file (type pdf)

<use CH3T_Leakage_fid_50_Dec_Tritium_Approval_Plots_2-eps-converted-to.pdf>
Package pdftex.def Info: CH3T_Leakage_fid_50_Dec_Tritium_Approval_Plots_2-eps-c
onverted-to.pdf used on input line 98.
(pdftex.def)             Requested size: 256.0748pt x 199.6119pt.


LaTeX Warning: `!h' float specifier changed to `!ht'.

Package epstopdf Info: Source file: <CH3T_E_spec_18_lux10_20131216T1551_cp06651
.eps>
(epstopdf)                    date: 2014-06-19 17:28:10
(epstopdf)                    size: 28246 bytes
(epstopdf)             Output file: <CH3T_E_spec_18_lux10_20131216T1551_cp06651
-eps-converted-to.pdf>
(epstopdf)                    date: 2014-06-19 17:29:02
(epstopdf)                    size: 21448 bytes
(epstopdf)             Command: <epstopdf --outfile=CH3T_E_spec_18_lux10_201312
16T1551_cp06651-eps-converted-to.pdf CH3T_E_spec_18_lux10_20131216T1551_cp06651
.eps>
(epstopdf)             \includegraphics on input line 105.
Package epstopdf Info: Output file is already uptodate.

<CH3T_E_spec_18_lux10_20131216T1551_cp06651-eps-converted-to.pdf, id=214, 901.3
675pt x 602.25pt>
File: CH3T_E_spec_18_lux10_20131216T1551_cp06651-eps-converted-to.pdf Graphic f
ile (type pdf)

<use CH3T_E_spec_18_lux10_20131216T1551_cp06651-eps-converted-to.pdf>
Package pdftex.def Info: CH3T_E_spec_18_lux10_20131216T1551_cp06651-eps-convert
ed-to.pdf used on input line 105.
(pdftex.def)             Requested size: 284.52756pt x 190.1049pt.

Overfull \hbox (15.289pt too wide) in paragraph at lines 105--106
 [][] 
 []


LaTeX Warning: `!h' float specifier changed to `!ht'.

Package epstopdf Info: Source file: <Triritium_S1_Threshold_2013_PRL.eps>
(epstopdf)                    date: 2014-06-17 10:36:06
(epstopdf)                    size: 30851 bytes
(epstopdf)             Output file: <Triritium_S1_Threshold_2013_PRL-eps-conver
ted-to.pdf>
(epstopdf)                    date: 2014-06-17 11:09:26
(epstopdf)                    size: 12992 bytes
(epstopdf)             Command: <epstopdf --outfile=Triritium_S1_Threshold_2013
_PRL-eps-converted-to.pdf Triritium_S1_Threshold_2013_PRL.eps>
(epstopdf)             \includegraphics on input line 133.
Package epstopdf Info: Output file is already uptodate.

<Triritium_S1_Threshold_2013_PRL-eps-converted-to.pdf, id=216, 632.3625pt x 408
.52625pt>
File: Triritium_S1_Threshold_2013_PRL-eps-converted-to.pdf Graphic file (type p
df)
 <use Triritium_S1_Threshold_2013_PRL-eps-converted-to.pdf>
Package pdftex.def Info: Triritium_S1_Threshold_2013_PRL-eps-converted-to.pdf u
sed on input line 133.
(pdftex.def)             Requested size: 284.52756pt x 183.8164pt.

Overfull \hbox (15.289pt too wide) in paragraph at lines 133--134
 [][] 
 []


LaTeX Warning: `!h' float specifier changed to `!ht'.

[7 <./CH3T_RZ_scatter_lux10_20130812T1546-eps-converted-to.pdf> <./CH3T_fid_50_
2_Dec_Tritium_Approval_Plots.png>]

LaTeX Warning: A float is stuck (cannot be placed); try class option [floatfix]
 on input line 241.

) (./Summary.tex) (./Tritium.bbl [8 <./CH3T_Leakage_fid_50_Dec_Tritium_Approval
_Plots_2-eps-converted-to.pdf> <./CH3T_E_spec_18_lux10_20131216T1551_cp06651-ep
s-converted-to.pdf>]
Underfull \hbox (badness 1337) in paragraph at lines 8--13
 []\OT1/cmr/m/n/9 S. Ak-erib, D. et al.  First re-sults from the lux dark
 []


Underfull \hbox (badness 1688) in paragraph at lines 8--13
 \OT1/cmr/m/n/9 cil-ity.  \OT1/cmr/m/it/9 Phys. Rev. Lett.\OT1/cmr/m/n/9 , 112:
091303, Mar 2014.  []doi:
 []


Underfull \hbox (badness 1371) in paragraph at lines 22--26
 []\OT1/cmr/m/n/9 I. Ah-mad, et al.  Half-lives of iso-meric states in fe57
 []

Missing character: There is no š in font cmr9!
Missing character: There is no š in font cmr9!
[9 <./Triritium_S1_Threshold_2013_PRL-eps-converted-to.pdf>]
Missing character: There is no â in font cmr9!
Missing character: There is no € in font cmr9!
Missing character: There is no “ in font cmr9!

Underfull \hbox (badness 3354) in paragraph at lines 94--101
 []\OT1/cmr/m/n/9 K. N. Pushkin, et al.  Scin-til-la-tion light, ion-iza-tion
 []


Underfull \hbox (badness 1629) in paragraph at lines 94--101
 \OT1/cmr/m/it/9 on\OT1/cmr/m/n/9 , 54(3):744--750, June 2007.  ISSN 0018-9499.
  []doi:
 []

) [10]
Package atveryend Info: Empty hook `AfterLastShipout' on input line 464.
 (./Tritium.aux)
Package atveryend Info: Executing hook `AtVeryEndDocument' on input line 464.
Package atveryend Info: Executing hook `AtEndAfterFileList' on input line 464.
Package rerunfilecheck Info: File `Tritium.out' has not changed.
(rerunfilecheck)             Checksum: C5D718979D6DCFF4C0795831961838BE;1287.


LaTeX Warning: There were undefined references.


LaTeX Warning: There were multiply-defined labels.

 ) 
Here is how much of TeX's memory you used:
 11115 strings out of 493633
 163821 string characters out of 3143378
 288278 words of memory out of 3000000
 14178 multiletter control sequences out of 15000+200000
 11299 words of font info for 48 fonts, out of 3000000 for 9000
 831 hyphenation exceptions out of 8191
 36i,7n,38p,2586b,509s stack positions out of 5000i,500n,10000p,200000b,50000s
</usr/local/texlive/2011/texmf-dist/fonts/type1/public/amsfonts/cm/cmbx10.pfb
></usr/local/texlive/2011/texmf-dist/fonts/type1/public/amsfonts/cm/cmbx12.pfb>
</usr/local/texlive/2011/texmf-dist/fonts/type1/public/amsfonts/cm/cmex10.pfb><
/usr/local/texlive/2011/texmf-dist/fonts/type1/public/amsfonts/cm/cmmi10.pfb></
usr/local/texlive/2011/texmf-dist/fonts/type1/public/amsfonts/cm/cmmi5.pfb></us
r/local/texlive/2011/texmf-dist/fonts/type1/public/amsfonts/cm/cmmi7.pfb></usr/
local/texlive/2011/texmf-dist/fonts/type1/public/amsfonts/cm/cmr10.pfb></usr/lo
cal/texlive/2011/texmf-dist/fonts/type1/public/amsfonts/cm/cmr5.pfb></usr/local
/texlive/2011/texmf-dist/fonts/type1/public/amsfonts/cm/cmr6.pfb></usr/local/te
xlive/2011/texmf-dist/fonts/type1/public/amsfonts/cm/cmr7.pfb></usr/local/texli
ve/2011/texmf-dist/fonts/type1/public/amsfonts/cm/cmr9.pfb></usr/local/texlive/
2011/texmf-dist/fonts/type1/public/amsfonts/cm/cmsy10.pfb></usr/local/texlive/2
011/texmf-dist/fonts/type1/public/amsfonts/cm/cmsy7.pfb></usr/local/texlive/201
1/texmf-dist/fonts/type1/public/amsfonts/cm/cmti9.pfb>
Output written on Tritium.pdf (10 pages, 969213 bytes).
PDF statistics:
 341 PDF objects out of 1000 (max. 8388607)
 284 compressed objects within 3 object streams
 53 named destinations out of 1000 (max. 500000)
 189 words of extra memory for PDF output out of 10000 (max. 10000000)

